This is pdfTeX, Version 3.14159265-2.6-1.40.18 (TeX Live 2017/Debian) (preloaded format=pdflatex 2019.11.20)  22 APR 2020 10:53
entering extended mode
 restricted \write18 enabled.
 %&-line parsing enabled.
**Paper_EV.tex
(./Paper_EV.tex
LaTeX2e <2017-04-15>
Babel <3.18> and hyphenation patterns for 84 language(s) loaded.
(/usr/share/texlive/texmf-dist/tex/latex/base/report.cls
Document Class: report 2014/09/29 v1.4h Standard LaTeX document class
(/usr/share/texlive/texmf-dist/tex/latex/base/size11.clo
File: size11.clo 2014/09/29 v1.4h Standard LaTeX file (size option)
)
\c@part=\count79
\c@chapter=\count80
\c@section=\count81
\c@subsection=\count82
\c@subsubsection=\count83
\c@paragraph=\count84
\c@subparagraph=\count85
\c@figure=\count86
\c@table=\count87
\abovecaptionskip=\skip41
\belowcaptionskip=\skip42
\bibindent=\dimen102
)
(/usr/share/texlive/texmf-dist/tex/latex/geometry/geometry.sty
Package: geometry 2010/09/12 v5.6 Page Geometry

(/usr/share/texlive/texmf-dist/tex/latex/graphics/keyval.sty
Package: keyval 2014/10/28 v1.15 key=value parser (DPC)
\KV@toks@=\toks14
)
(/usr/share/texlive/texmf-dist/tex/generic/oberdiek/ifpdf.sty
Package: ifpdf 2017/03/15 v3.2 Provides the ifpdf switch
)
(/usr/share/texlive/texmf-dist/tex/generic/oberdiek/ifvtex.sty
Package: ifvtex 2016/05/16 v1.6 Detect VTeX and its facilities (HO)
Package ifvtex Info: VTeX not detected.
)
(/usr/share/texlive/texmf-dist/tex/generic/ifxetex/ifxetex.sty
Package: ifxetex 2010/09/12 v0.6 Provides ifxetex conditional
)
\Gm@cnth=\count88
\Gm@cntv=\count89
\c@Gm@tempcnt=\count90
\Gm@bindingoffset=\dimen103
\Gm@wd@mp=\dimen104
\Gm@odd@mp=\dimen105
\Gm@even@mp=\dimen106
\Gm@layoutwidth=\dimen107
\Gm@layoutheight=\dimen108
\Gm@layouthoffset=\dimen109
\Gm@layoutvoffset=\dimen110
\Gm@dimlist=\toks15
)
(/usr/share/texlive/texmf-dist/tex/latex/psnfss/helvet.sty
Package: helvet 2005/04/12 PSNFSS-v9.2a (WaS) 
)
(/usr/share/texlive/texmf-dist/tex/latex/pgf/frontendlayer/tikz.sty
(/usr/share/texlive/texmf-dist/tex/latex/pgf/basiclayer/pgf.sty
(/usr/share/texlive/texmf-dist/tex/latex/pgf/utilities/pgfrcs.sty
(/usr/share/texlive/texmf-dist/tex/generic/pgf/utilities/pgfutil-common.tex
\pgfutil@everybye=\toks16
\pgfutil@tempdima=\dimen111
\pgfutil@tempdimb=\dimen112

(/usr/share/texlive/texmf-dist/tex/generic/pgf/utilities/pgfutil-common-lists.t
ex)) (/usr/share/texlive/texmf-dist/tex/generic/pgf/utilities/pgfutil-latex.def
\pgfutil@abb=\box26
(/usr/share/texlive/texmf-dist/tex/latex/ms/everyshi.sty
Package: everyshi 2001/05/15 v3.00 EveryShipout Package (MS)
))
(/usr/share/texlive/texmf-dist/tex/generic/pgf/utilities/pgfrcs.code.tex
Package: pgfrcs 2015/08/07 v3.0.1a (rcs-revision 1.31)
))
Package: pgf 2015/08/07 v3.0.1a (rcs-revision 1.15)

(/usr/share/texlive/texmf-dist/tex/latex/pgf/basiclayer/pgfcore.sty
(/usr/share/texlive/texmf-dist/tex/latex/graphics/graphicx.sty
Package: graphicx 2017/06/01 v1.1a Enhanced LaTeX Graphics (DPC,SPQR)

(/usr/share/texlive/texmf-dist/tex/latex/graphics/graphics.sty
Package: graphics 2017/06/25 v1.2c Standard LaTeX Graphics (DPC,SPQR)

(/usr/share/texlive/texmf-dist/tex/latex/graphics/trig.sty
Package: trig 2016/01/03 v1.10 sin cos tan (DPC)
)
(/usr/share/texlive/texmf-dist/tex/latex/graphics-cfg/graphics.cfg
File: graphics.cfg 2016/06/04 v1.11 sample graphics configuration
)
Package graphics Info: Driver file: pdftex.def on input line 99.

(/usr/share/texlive/texmf-dist/tex/latex/graphics-def/pdftex.def
File: pdftex.def 2018/01/08 v1.0l Graphics/color driver for pdftex
))
\Gin@req@height=\dimen113
\Gin@req@width=\dimen114
)
(/usr/share/texlive/texmf-dist/tex/latex/pgf/systemlayer/pgfsys.sty
(/usr/share/texlive/texmf-dist/tex/generic/pgf/systemlayer/pgfsys.code.tex
Package: pgfsys 2014/07/09 v3.0.1a (rcs-revision 1.48)

(/usr/share/texlive/texmf-dist/tex/generic/pgf/utilities/pgfkeys.code.tex
\pgfkeys@pathtoks=\toks17
\pgfkeys@temptoks=\toks18

(/usr/share/texlive/texmf-dist/tex/generic/pgf/utilities/pgfkeysfiltered.code.t
ex
\pgfkeys@tmptoks=\toks19
))
\pgf@x=\dimen115
\pgf@y=\dimen116
\pgf@xa=\dimen117
\pgf@ya=\dimen118
\pgf@xb=\dimen119
\pgf@yb=\dimen120
\pgf@xc=\dimen121
\pgf@yc=\dimen122
\w@pgf@writea=\write3
\r@pgf@reada=\read1
\c@pgf@counta=\count91
\c@pgf@countb=\count92
\c@pgf@countc=\count93
\c@pgf@countd=\count94
\t@pgf@toka=\toks20
\t@pgf@tokb=\toks21
\t@pgf@tokc=\toks22
 (/usr/share/texlive/texmf-dist/tex/generic/pgf/systemlayer/pgf.cfg
File: pgf.cfg 2008/05/14  (rcs-revision 1.7)
)
Driver file for pgf: pgfsys-pdftex.def

(/usr/share/texlive/texmf-dist/tex/generic/pgf/systemlayer/pgfsys-pdftex.def
File: pgfsys-pdftex.def 2014/10/11  (rcs-revision 1.35)

(/usr/share/texlive/texmf-dist/tex/generic/pgf/systemlayer/pgfsys-common-pdf.de
f
File: pgfsys-common-pdf.def 2013/10/10  (rcs-revision 1.13)
)))
(/usr/share/texlive/texmf-dist/tex/generic/pgf/systemlayer/pgfsyssoftpath.code.
tex
File: pgfsyssoftpath.code.tex 2013/09/09  (rcs-revision 1.9)
\pgfsyssoftpath@smallbuffer@items=\count95
\pgfsyssoftpath@bigbuffer@items=\count96
)
(/usr/share/texlive/texmf-dist/tex/generic/pgf/systemlayer/pgfsysprotocol.code.
tex
File: pgfsysprotocol.code.tex 2006/10/16  (rcs-revision 1.4)
)) (/usr/share/texlive/texmf-dist/tex/latex/xcolor/xcolor.sty
Package: xcolor 2016/05/11 v2.12 LaTeX color extensions (UK)

(/usr/share/texlive/texmf-dist/tex/latex/graphics-cfg/color.cfg
File: color.cfg 2016/01/02 v1.6 sample color configuration
)
Package xcolor Info: Driver file: pdftex.def on input line 225.
Package xcolor Info: Model `cmy' substituted by `cmy0' on input line 1348.
Package xcolor Info: Model `hsb' substituted by `rgb' on input line 1352.
Package xcolor Info: Model `RGB' extended on input line 1364.
Package xcolor Info: Model `HTML' substituted by `rgb' on input line 1366.
Package xcolor Info: Model `Hsb' substituted by `hsb' on input line 1367.
Package xcolor Info: Model `tHsb' substituted by `hsb' on input line 1368.
Package xcolor Info: Model `HSB' substituted by `hsb' on input line 1369.
Package xcolor Info: Model `Gray' substituted by `gray' on input line 1370.
Package xcolor Info: Model `wave' substituted by `hsb' on input line 1371.
)
(/usr/share/texlive/texmf-dist/tex/generic/pgf/basiclayer/pgfcore.code.tex
Package: pgfcore 2010/04/11 v3.0.1a (rcs-revision 1.7)

(/usr/share/texlive/texmf-dist/tex/generic/pgf/math/pgfmath.code.tex
(/usr/share/texlive/texmf-dist/tex/generic/pgf/math/pgfmathcalc.code.tex
(/usr/share/texlive/texmf-dist/tex/generic/pgf/math/pgfmathutil.code.tex)
(/usr/share/texlive/texmf-dist/tex/generic/pgf/math/pgfmathparser.code.tex
\pgfmath@dimen=\dimen123
\pgfmath@count=\count97
\pgfmath@box=\box27
\pgfmath@toks=\toks23
\pgfmath@stack@operand=\toks24
\pgfmath@stack@operation=\toks25
)
(/usr/share/texlive/texmf-dist/tex/generic/pgf/math/pgfmathfunctions.code.tex
(/usr/share/texlive/texmf-dist/tex/generic/pgf/math/pgfmathfunctions.basic.code
.tex)
(/usr/share/texlive/texmf-dist/tex/generic/pgf/math/pgfmathfunctions.trigonomet
ric.code.tex)
(/usr/share/texlive/texmf-dist/tex/generic/pgf/math/pgfmathfunctions.random.cod
e.tex)
(/usr/share/texlive/texmf-dist/tex/generic/pgf/math/pgfmathfunctions.comparison
.code.tex)
(/usr/share/texlive/texmf-dist/tex/generic/pgf/math/pgfmathfunctions.base.code.
tex)
(/usr/share/texlive/texmf-dist/tex/generic/pgf/math/pgfmathfunctions.round.code
.tex)
(/usr/share/texlive/texmf-dist/tex/generic/pgf/math/pgfmathfunctions.misc.code.
tex)
(/usr/share/texlive/texmf-dist/tex/generic/pgf/math/pgfmathfunctions.integerari
thmetics.code.tex)))
(/usr/share/texlive/texmf-dist/tex/generic/pgf/math/pgfmathfloat.code.tex
\c@pgfmathroundto@lastzeros=\count98
))
(/usr/share/texlive/texmf-dist/tex/generic/pgf/basiclayer/pgfcorepoints.code.te
x
File: pgfcorepoints.code.tex 2013/10/07  (rcs-revision 1.27)
\pgf@picminx=\dimen124
\pgf@picmaxx=\dimen125
\pgf@picminy=\dimen126
\pgf@picmaxy=\dimen127
\pgf@pathminx=\dimen128
\pgf@pathmaxx=\dimen129
\pgf@pathminy=\dimen130
\pgf@pathmaxy=\dimen131
\pgf@xx=\dimen132
\pgf@xy=\dimen133
\pgf@yx=\dimen134
\pgf@yy=\dimen135
\pgf@zx=\dimen136
\pgf@zy=\dimen137
)
(/usr/share/texlive/texmf-dist/tex/generic/pgf/basiclayer/pgfcorepathconstruct.
code.tex
File: pgfcorepathconstruct.code.tex 2013/10/07  (rcs-revision 1.29)
\pgf@path@lastx=\dimen138
\pgf@path@lasty=\dimen139
)
(/usr/share/texlive/texmf-dist/tex/generic/pgf/basiclayer/pgfcorepathusage.code
.tex
File: pgfcorepathusage.code.tex 2014/11/02  (rcs-revision 1.24)
\pgf@shorten@end@additional=\dimen140
\pgf@shorten@start@additional=\dimen141
)
(/usr/share/texlive/texmf-dist/tex/generic/pgf/basiclayer/pgfcorescopes.code.te
x
File: pgfcorescopes.code.tex 2015/05/08  (rcs-revision 1.46)
\pgfpic=\box28
\pgf@hbox=\box29
\pgf@layerbox@main=\box30
\pgf@picture@serial@count=\count99
)
(/usr/share/texlive/texmf-dist/tex/generic/pgf/basiclayer/pgfcoregraphicstate.c
ode.tex
File: pgfcoregraphicstate.code.tex 2014/11/02  (rcs-revision 1.12)
\pgflinewidth=\dimen142
)
(/usr/share/texlive/texmf-dist/tex/generic/pgf/basiclayer/pgfcoretransformation
s.code.tex
File: pgfcoretransformations.code.tex 2015/08/07  (rcs-revision 1.20)
\pgf@pt@x=\dimen143
\pgf@pt@y=\dimen144
\pgf@pt@temp=\dimen145
)
(/usr/share/texlive/texmf-dist/tex/generic/pgf/basiclayer/pgfcorequick.code.tex
File: pgfcorequick.code.tex 2008/10/09  (rcs-revision 1.3)
)
(/usr/share/texlive/texmf-dist/tex/generic/pgf/basiclayer/pgfcoreobjects.code.t
ex
File: pgfcoreobjects.code.tex 2006/10/11  (rcs-revision 1.2)
)
(/usr/share/texlive/texmf-dist/tex/generic/pgf/basiclayer/pgfcorepathprocessing
.code.tex
File: pgfcorepathprocessing.code.tex 2013/09/09  (rcs-revision 1.9)
)
(/usr/share/texlive/texmf-dist/tex/generic/pgf/basiclayer/pgfcorearrows.code.te
x
File: pgfcorearrows.code.tex 2015/05/14  (rcs-revision 1.43)
\pgfarrowsep=\dimen146
)
(/usr/share/texlive/texmf-dist/tex/generic/pgf/basiclayer/pgfcoreshade.code.tex
File: pgfcoreshade.code.tex 2013/07/15  (rcs-revision 1.15)
\pgf@max=\dimen147
\pgf@sys@shading@range@num=\count100
)
(/usr/share/texlive/texmf-dist/tex/generic/pgf/basiclayer/pgfcoreimage.code.tex
File: pgfcoreimage.code.tex 2013/07/15  (rcs-revision 1.18)

(/usr/share/texlive/texmf-dist/tex/generic/pgf/basiclayer/pgfcoreexternal.code.
tex
File: pgfcoreexternal.code.tex 2014/07/09  (rcs-revision 1.21)
\pgfexternal@startupbox=\box31
))
(/usr/share/texlive/texmf-dist/tex/generic/pgf/basiclayer/pgfcorelayers.code.te
x
File: pgfcorelayers.code.tex 2013/07/18  (rcs-revision 1.7)
)
(/usr/share/texlive/texmf-dist/tex/generic/pgf/basiclayer/pgfcoretransparency.c
ode.tex
File: pgfcoretransparency.code.tex 2013/09/30  (rcs-revision 1.5)
)
(/usr/share/texlive/texmf-dist/tex/generic/pgf/basiclayer/pgfcorepatterns.code.
tex
File: pgfcorepatterns.code.tex 2013/11/07  (rcs-revision 1.5)
)))
(/usr/share/texlive/texmf-dist/tex/generic/pgf/modules/pgfmoduleshapes.code.tex
File: pgfmoduleshapes.code.tex 2014/03/21  (rcs-revision 1.35)
\pgfnodeparttextbox=\box32
) (/usr/share/texlive/texmf-dist/tex/generic/pgf/modules/pgfmoduleplot.code.tex
File: pgfmoduleplot.code.tex 2015/08/03  (rcs-revision 1.13)
)
(/usr/share/texlive/texmf-dist/tex/latex/pgf/compatibility/pgfcomp-version-0-65
.sty
Package: pgfcomp-version-0-65 2007/07/03 v3.0.1a (rcs-revision 1.7)
\pgf@nodesepstart=\dimen148
\pgf@nodesepend=\dimen149
)
(/usr/share/texlive/texmf-dist/tex/latex/pgf/compatibility/pgfcomp-version-1-18
.sty
Package: pgfcomp-version-1-18 2007/07/23 v3.0.1a (rcs-revision 1.1)
)) (/usr/share/texlive/texmf-dist/tex/latex/pgf/utilities/pgffor.sty
(/usr/share/texlive/texmf-dist/tex/latex/pgf/utilities/pgfkeys.sty
(/usr/share/texlive/texmf-dist/tex/generic/pgf/utilities/pgfkeys.code.tex))
(/usr/share/texlive/texmf-dist/tex/latex/pgf/math/pgfmath.sty
(/usr/share/texlive/texmf-dist/tex/generic/pgf/math/pgfmath.code.tex))
(/usr/share/texlive/texmf-dist/tex/generic/pgf/utilities/pgffor.code.tex
Package: pgffor 2013/12/13 v3.0.1a (rcs-revision 1.25)

(/usr/share/texlive/texmf-dist/tex/generic/pgf/math/pgfmath.code.tex)
\pgffor@iter=\dimen150
\pgffor@skip=\dimen151
\pgffor@stack=\toks26
\pgffor@toks=\toks27
))
(/usr/share/texlive/texmf-dist/tex/generic/pgf/frontendlayer/tikz/tikz.code.tex
Package: tikz 2015/08/07 v3.0.1a (rcs-revision 1.151)

(/usr/share/texlive/texmf-dist/tex/generic/pgf/libraries/pgflibraryplothandlers
.code.tex
File: pgflibraryplothandlers.code.tex 2013/08/31 v3.0.1a (rcs-revision 1.20)
\pgf@plot@mark@count=\count101
\pgfplotmarksize=\dimen152
)
\tikz@lastx=\dimen153
\tikz@lasty=\dimen154
\tikz@lastxsaved=\dimen155
\tikz@lastysaved=\dimen156
\tikzleveldistance=\dimen157
\tikzsiblingdistance=\dimen158
\tikz@figbox=\box33
\tikz@figbox@bg=\box34
\tikz@tempbox=\box35
\tikz@tempbox@bg=\box36
\tikztreelevel=\count102
\tikznumberofchildren=\count103
\tikznumberofcurrentchild=\count104
\tikz@fig@count=\count105

(/usr/share/texlive/texmf-dist/tex/generic/pgf/modules/pgfmodulematrix.code.tex
File: pgfmodulematrix.code.tex 2013/09/17  (rcs-revision 1.8)
\pgfmatrixcurrentrow=\count106
\pgfmatrixcurrentcolumn=\count107
\pgf@matrix@numberofcolumns=\count108
)
\tikz@expandcount=\count109

(/usr/share/texlive/texmf-dist/tex/generic/pgf/frontendlayer/tikz/libraries/tik
zlibrarytopaths.code.tex
File: tikzlibrarytopaths.code.tex 2008/06/17 v3.0.1a (rcs-revision 1.2)
)))
(/usr/share/texlive/texmf-dist/tex/latex/url/url.sty
\Urlmuskip=\muskip10
Package: url 2013/09/16  ver 3.4  Verb mode for urls, etc.
)
(/usr/share/texlive/texmf-dist/tex/latex/siunitx/siunitx.sty
(/usr/share/texlive/texmf-dist/tex/latex/l3kernel/expl3.sty
Package: expl3 2018/02/21 L3 programming layer (loader) 

(/usr/share/texlive/texmf-dist/tex/latex/l3kernel/expl3-code.tex
Package: expl3 2018/02/21 L3 programming layer (code)
\c_max_int=\count110
\l_tmpa_int=\count111
\l_tmpb_int=\count112
\g_tmpa_int=\count113
\g_tmpb_int=\count114
\g__intarray_font_int=\count115
\g__prg_map_int=\count116
\c_log_iow=\count117
\l_iow_line_count_int=\count118
\l__iow_line_target_int=\count119
\l__iow_one_indent_int=\count120
\l__iow_indent_int=\count121
\c_zero_dim=\dimen159
\c_max_dim=\dimen160
\l_tmpa_dim=\dimen161
\l_tmpb_dim=\dimen162
\g_tmpa_dim=\dimen163
\g_tmpb_dim=\dimen164
\c_zero_skip=\skip43
\c_max_skip=\skip44
\l_tmpa_skip=\skip45
\l_tmpb_skip=\skip46
\g_tmpa_skip=\skip47
\g_tmpb_skip=\skip48
\c_zero_muskip=\muskip11
\c_max_muskip=\muskip12
\l_tmpa_muskip=\muskip13
\l_tmpb_muskip=\muskip14
\g_tmpa_muskip=\muskip15
\g_tmpb_muskip=\muskip16
\l_keys_choice_int=\count122
\c__fp_leading_shift_int=\count123
\c__fp_middle_shift_int=\count124
\c__fp_trailing_shift_int=\count125
\c__fp_big_leading_shift_int=\count126
\c__fp_big_middle_shift_int=\count127
\c__fp_big_trailing_shift_int=\count128
\c__fp_Bigg_leading_shift_int=\count129
\c__fp_Bigg_middle_shift_int=\count130
\c__fp_Bigg_trailing_shift_int=\count131
\c__fp_rand_size_int=\count132
\c__fp_rand_four_int=\count133
\c__fp_rand_eight_int=\count134
\l__sort_length_int=\count135
\l__sort_min_int=\count136
\l__sort_top_int=\count137
\l__sort_max_int=\count138
\l__sort_true_max_int=\count139
\l__sort_block_int=\count140
\l__sort_begin_int=\count141
\l__sort_end_int=\count142
\l__sort_A_int=\count143
\l__sort_B_int=\count144
\l__sort_C_int=\count145
\l__tl_build_start_index_int=\count146
\l__tl_build_index_int=\count147
\l__tl_analysis_normal_int=\count148
\l__tl_analysis_index_int=\count149
\l__tl_analysis_nesting_int=\count150
\l__tl_analysis_type_int=\count151
\l__regex_internal_a_int=\count152
\l__regex_internal_b_int=\count153
\l__regex_internal_c_int=\count154
\l__regex_balance_int=\count155
\l__regex_group_level_int=\count156
\l__regex_mode_int=\count157
\c__regex_cs_in_class_mode_int=\count158
\c__regex_cs_mode_int=\count159
\l__regex_catcodes_int=\count160
\l__regex_default_catcodes_int=\count161
\c__regex_catcode_D_int=\count162
\c__regex_catcode_S_int=\count163
\c__regex_catcode_L_int=\count164
\c__regex_catcode_O_int=\count165
\c__regex_catcode_A_int=\count166
\c__regex_all_catcodes_int=\count167
\l__regex_show_lines_int=\count168
\l__regex_min_state_int=\count169
\l__regex_max_state_int=\count170
\l__regex_left_state_int=\count171
\l__regex_right_state_int=\count172
\l__regex_capturing_group_int=\count173
\l__regex_min_pos_int=\count174
\l__regex_max_pos_int=\count175
\l__regex_curr_pos_int=\count176
\l__regex_start_pos_int=\count177
\l__regex_success_pos_int=\count178
\l__regex_curr_char_int=\count179
\l__regex_curr_catcode_int=\count180
\l__regex_last_char_int=\count181
\l__regex_case_changed_char_int=\count182
\l__regex_curr_state_int=\count183
\l__regex_step_int=\count184
\l__regex_min_active_int=\count185
\l__regex_max_active_int=\count186
\l__regex_replacement_csnames_int=\count187
\l__regex_match_count_int=\count188
\l__regex_min_submatch_int=\count189
\l__regex_submatch_int=\count190
\l__regex_zeroth_submatch_int=\count191
\g__regex_trace_regex_int=\count192
\c_empty_box=\box37
\l_tmpa_box=\box38
\l_tmpb_box=\box39
\g_tmpa_box=\box40
\g_tmpb_box=\box41
\l__box_top_dim=\dimen165
\l__box_bottom_dim=\dimen166
\l__box_left_dim=\dimen167
\l__box_right_dim=\dimen168
\l__box_top_new_dim=\dimen169
\l__box_bottom_new_dim=\dimen170
\l__box_left_new_dim=\dimen171
\l__box_right_new_dim=\dimen172
\l__box_internal_box=\box42
\l__coffin_internal_box=\box43
\l__coffin_internal_dim=\dimen173
\l__coffin_offset_x_dim=\dimen174
\l__coffin_offset_y_dim=\dimen175
\l__coffin_x_dim=\dimen176
\l__coffin_y_dim=\dimen177
\l__coffin_x_prime_dim=\dimen178
\l__coffin_y_prime_dim=\dimen179
\c_empty_coffin=\box44
\l__coffin_aligned_coffin=\box45
\l__coffin_aligned_internal_coffin=\box46
\l_tmpa_coffin=\box47
\l_tmpb_coffin=\box48
\l__coffin_display_coffin=\box49
\l__coffin_display_coord_coffin=\box50
\l__coffin_display_pole_coffin=\box51
\l__coffin_display_offset_dim=\dimen180
\l__coffin_display_x_dim=\dimen181
\l__coffin_display_y_dim=\dimen182
\l__coffin_bounding_shift_dim=\dimen183
\l__coffin_left_corner_dim=\dimen184
\l__coffin_right_corner_dim=\dimen185
\l__coffin_bottom_corner_dim=\dimen186
\l__coffin_top_corner_dim=\dimen187
\l__coffin_scaled_total_height_dim=\dimen188
\l__coffin_scaled_width_dim=\dimen189
)
(/usr/share/texlive/texmf-dist/tex/latex/l3kernel/l3pdfmode.def
File: l3pdfmode.def 2017/03/18 v L3 Experimental driver: PDF mode
\l__driver_color_stack_int=\count193
\l__driver_tmp_box=\box52
))
(/usr/share/texlive/texmf-dist/tex/latex/l3packages/xparse/xparse.sty
Package: xparse 2018/02/21 L3 Experimental document command parser
\l__xparse_current_arg_int=\count194
\g__xparse_grabber_int=\count195
\l__xparse_m_args_int=\count196
\l__xparse_mandatory_args_int=\count197
\l__xparse_v_nesting_int=\count198
)
Package: siunitx 2017/11/26 v2.7k A comprehensive (SI) units package

(/usr/share/texlive/texmf-dist/tex/latex/amsmath/amstext.sty
Package: amstext 2000/06/29 v2.01 AMS text

(/usr/share/texlive/texmf-dist/tex/latex/amsmath/amsgen.sty
File: amsgen.sty 1999/11/30 v2.0 generic functions
\@emptytoks=\toks28
\ex@=\dimen190
))
(/usr/share/texlive/texmf-dist/tex/latex/tools/array.sty
Package: array 2016/10/06 v2.4d Tabular extension package (FMi)
\col@sep=\dimen191
\extrarowheight=\dimen192
\NC@list=\toks29
\extratabsurround=\skip49
\backup@length=\skip50
)
(/usr/share/texlive/texmf-dist/tex/latex/l3packages/l3keys2e/l3keys2e.sty
Package: l3keys2e 2018/02/21 LaTeX2e option processing using LaTeX3 keys
)
\l__siunitx_tmp_box=\box53
\l__siunitx_tmp_dim=\dimen193
\l__siunitx_tmp_int=\count199
\l__siunitx_number_mantissa_length_int=\count266
\l__siunitx_number_uncert_length_int=\count267
\l__siunitx_round_int=\count268
\l__siunitx_process_decimal_int=\count269
\l__siunitx_process_uncertainty_int=\count270
\l__siunitx_process_fixed_int=\count271
\l__siunitx_process_integer_min_int=\count272
\l__siunitx_process_precision_int=\count273
\l__siunitx_group_min_int=\count274
\l__siunitx_angle_marker_box=\box54
\l__siunitx_angle_unit_box=\box55
\l__siunitx_angle_marker_dim=\dimen194
\l__siunitx_angle_unit_dim=\dimen195
\l__siunitx_unit_int=\count275
\l__siunitx_unit_denominator_int=\count276
\l__siunitx_unit_numerator_int=\count277
\l__siunitx_unit_prefix_int=\count278
\l__siunitx_unit_prefix_base_int=\count279
\l__siunitx_unit_prefix_gram_int=\count280
\l__siunitx_number_product_int=\count281
\c__siunitx_one_fill_skip=\skip51
\l__siunitx_table_unit_align_skip=\skip52
\l__siunitx_table_exponent_dim=\dimen196
\l__siunitx_table_integer_dim=\dimen197
\l__siunitx_table_mantissa_dim=\dimen198
\l__siunitx_table_marker_dim=\dimen199
\l__siunitx_table_result_dim=\dimen256
\l__siunitx_table_uncert_dim=\dimen257
\l__siunitx_table_fill_pre_dim=\dimen258
\l__siunitx_table_fill_post_dim=\dimen259
\l__siunitx_table_fill_mid_dim=\dimen260
\l__siunitx_table_pre_box=\box56
\l__siunitx_table_post_box=\box57
\l__siunitx_table_mantissa_box=\box58
\l__siunitx_table_result_box=\box59
\l__siunitx_table_number_align_skip=\skip53
\l__siunitx_table_text_align_skip=\skip54
.................................................
. LaTeX info: "xparse/define-command"
. 
. Defining command \DeclareBinaryPrefix with sig. 'mmm' on line 7250.
.................................................
.................................................
. LaTeX info: "xparse/define-command"
. 
. Defining command \DeclareSIPostPower with sig. 'mm' on line 7253.
.................................................
.................................................
. LaTeX info: "xparse/define-command"
. 
. Defining command \DeclareSIPrefix with sig. 'mmm' on line 7256.
.................................................
.................................................
. LaTeX info: "xparse/define-command"
. 
. Defining command \DeclareSIPrePower with sig. 'mm' on line 7259.
.................................................
.................................................
. LaTeX info: "xparse/define-command"
. 
. Defining command \DeclareSIQualifier with sig. 'mm' on line 7262.
.................................................
.................................................
. LaTeX info: "xparse/define-command"
. 
. Defining command \DeclareSIUnit with sig. 'O{}mm' on line 7265.
.................................................
.................................................
. LaTeX info: "xparse/define-command"
. 
. Defining command \DeclareSIUnitWithOptions with sig. 'mmm' on line 7268.
.................................................
.................................................
. LaTeX info: "xparse/define-command"
. 
. Defining command \ang with sig. 'o>{\SplitArgument {2}{;}}m' on line 7283.
.................................................
.................................................
. LaTeX info: "xparse/define-command"
. 
. Defining command \num with sig. 'om' on line 7292.
.................................................
.................................................
. LaTeX info: "xparse/define-command"
. 
. Defining command \numlist with sig. 'o>{\SplitList {;}}m' on line 7301.
.................................................
.................................................
. LaTeX info: "xparse/define-command"
. 
. Defining command \numrange with sig. 'omm' on line 7310.
.................................................
.................................................
. LaTeX info: "xparse/define-command"
. 
. Defining command \SIlist with sig. 'o>{\SplitList {;}}mm' on line 7322.
.................................................
.................................................
. LaTeX info: "xparse/define-command"
. 
. Defining command \SIrange with sig. 'ommm' on line 7334.
.................................................
.................................................
. LaTeX info: "xparse/define-command"
. 
. Defining command \SI with sig. 'omom' on line 7346.
.................................................
.................................................
. LaTeX info: "xparse/define-command"
. 
. Defining command \sisetup with sig. 'm' on line 7349.
.................................................
.................................................
. LaTeX info: "xparse/define-command"
. 
. Defining command \tablenum with sig. 'om' on line 7364.
.................................................
.................................................
. LaTeX info: "xparse/define-command"
. 
. Defining command \si with sig. 'om' on line 7376.
.................................................
.................................................
. LaTeX info: "xparse/define-command"
. 
. Defining command \numInBookmark with sig. 'om' on line 7423.
.................................................
.................................................
. LaTeX info: "xparse/define-command"
. 
. Defining command \numrangeInBookmark with sig. 'omm' on line 7425.
.................................................
.................................................
. LaTeX info: "xparse/define-command"
. 
. Defining command \SIInBookmark with sig. 'omom' on line 7427.
.................................................
.................................................
. LaTeX info: "xparse/define-command"
. 
. Defining command \SIlistInBookmark with sig. 'omm' on line 7429.
.................................................
.................................................
. LaTeX info: "xparse/define-command"
. 
. Defining command \SIrangeInBookmark with sig. 'ommm' on line 7431.
.................................................
.................................................
. LaTeX info: "xparse/define-command"
. 
. Defining command \siInBookmark with sig. 'om' on line 7432.
.................................................
\g__file_internal_ior=\read2

(/usr/share/texlive/texmf-dist/tex/latex/translator/translator.sty
Package: translator 2018/01/04 v1.12 Easy translation of strings in LaTeX
))
(/usr/share/texlive/texmf-dist/tex/latex/pageslts/pageslts.sty
Package: pageslts 2015/12/21 v1.2f Refers to special pages' numbers/names (HMM)


(/usr/share/texlive/texmf-dist/tex/generic/oberdiek/ltxcmds.sty
Package: ltxcmds 2016/05/16 v1.23 LaTeX kernel commands for general use (HO)
)
(/usr/share/texlive/texmf-dist/tex/latex/oberdiek/atveryend.sty
Package: atveryend 2016/05/16 v1.9 Hooks at the very end of document (HO)
Package atveryend Info: \enddocument detected (standard20110627).
)
(/usr/share/texlive/texmf-dist/tex/latex/oberdiek/letltxmacro.sty
Package: letltxmacro 2016/05/16 v1.5 Let assignment for LaTeX macros (HO)
)
(/usr/share/texlive/texmf-dist/tex/latex/oberdiek/kvoptions.sty
Package: kvoptions 2016/05/16 v3.12 Key value format for package options (HO)

(/usr/share/texlive/texmf-dist/tex/generic/oberdiek/kvsetkeys.sty
Package: kvsetkeys 2016/05/16 v1.17 Key value parser (HO)

(/usr/share/texlive/texmf-dist/tex/generic/oberdiek/infwarerr.sty
Package: infwarerr 2016/05/16 v1.4 Providing info/warning/error messages (HO)
)
(/usr/share/texlive/texmf-dist/tex/generic/oberdiek/etexcmds.sty
Package: etexcmds 2016/05/16 v1.6 Avoid name clashes with e-TeX commands (HO)

(/usr/share/texlive/texmf-dist/tex/generic/oberdiek/ifluatex.sty
Package: ifluatex 2016/05/16 v1.4 Provides the ifluatex switch (HO)
Package ifluatex Info: LuaTeX not detected.
)
Package etexcmds Info: Could not find \expanded.
(etexcmds)             That can mean that you are not using pdfTeX 1.50 or
(etexcmds)             that some package has redefined \expanded.
(etexcmds)             In the latter case, load this package earlier.
)))
(/usr/share/texlive/texmf-dist/tex/latex/undolabl/undolabl.sty
Package: undolabl 2015/03/29 v1.0l Overriding labels (HMM)
)
(/usr/share/texlive/texmf-dist/tex/latex/oberdiek/rerunfilecheck.sty
Package: rerunfilecheck 2016/05/16 v1.8 Rerun checks for auxiliary files (HO)

(/usr/share/texlive/texmf-dist/tex/generic/oberdiek/pdftexcmds.sty
Package: pdftexcmds 2018/01/21 v0.26 Utility functions of pdfTeX for LuaTeX (HO
)
Package pdftexcmds Info: LuaTeX not detected.
Package pdftexcmds Info: \pdf@primitive is available.
Package pdftexcmds Info: \pdf@ifprimitive is available.
Package pdftexcmds Info: \pdfdraftmode found.
)
(/usr/share/texlive/texmf-dist/tex/generic/oberdiek/uniquecounter.sty
Package: uniquecounter 2016/05/16 v1.3 Provide unlimited unique counter (HO)

(/usr/share/texlive/texmf-dist/tex/generic/oberdiek/bigintcalc.sty
Package: bigintcalc 2016/05/16 v1.4 Expandable calculations on big integers (HO
)
))
Package uniquecounter Info: New unique counter `rerunfilecheck' on input line 2
82.
)
Package pageslts Info: Option pagecontinue enabled
(pageslts)             (maybe by default):
(pageslts)             The pageslts package will continue the page numbering,
(pageslts)             when the same page numbering scheme is used twice.
(pageslts)             If you do not want this, call pageslts with option
(pageslts)             pagecontinue=false (or use \setcounter{page}=1).
(pageslts)              on input line 179.

(/usr/share/texlive/texmf-dist/tex/generic/oberdiek/alphalph.sty
Package: alphalph 2016/05/16 v2.5 Convert numbers to letters (HO)

(/usr/share/texlive/texmf-dist/tex/generic/oberdiek/intcalc.sty
Package: intcalc 2016/05/16 v1.2 Expandable calculations with integers (HO)
))
Package pageslts Info: Option romanMult enabled
(pageslts)             (maybe by default):
(pageslts)             The pageslts package will extend the page numbering
(pageslts)             of the roman scheme below i with
(pageslts)             0, -i, -ii, -iii, -iv,...
(pageslts)             If you do not want this, call pageslts with option
(pageslts)             romanMult=false.
(pageslts)              on input line 278.
Package pageslts Info: Option RomanMulti enabled
(pageslts)             (maybe by default):
(pageslts)             The pageslts package will extend the page numbering
(pageslts)             of the Roman scheme below I with
(pageslts)             0, -I, -II, -III, -IV,...
(pageslts)             If you do not want this, call pageslts with option
(pageslts)             RomanMulti=false.
(pageslts)              on input line 300.
Package pageslts Info: Option fnsymbolmult enabled
(pageslts)             (maybe by default):
(pageslts)             The pageslts package will extend the page numbering
(pageslts)             of the footnotesymbol scheme using the alphalph
(pageslts)             package.
(pageslts)             If you do not want this, call pageslts with option
(pageslts)             fnsymbolmult=false.
(pageslts)              on input line 322.
\c@CurrentPage=\count282
\c@pagesLTS.pagenr=\count283
\c@pagesLTS.current.local.0=\count284
\c@pagesLTS.pnc.0=\count285
)
(/usr/share/texlive/texmf-dist/tex/latex/tools/bm.sty
Package: bm 2017/01/16 v1.2c Bold Symbol Support (DPC/FMi)
\symboldoperators=\mathgroup4
\symboldletters=\mathgroup5
\symboldsymbols=\mathgroup6
LaTeX Font Info:    Redeclaring math alphabet \mathbf on input line 141.
LaTeX Info: Redefining \bm on input line 207.
)
(/usr/share/texlive/texmf-dist/tex/latex/amsmath/amsmath.sty
Package: amsmath 2017/09/02 v2.17a AMS math features
\@mathmargin=\skip55

For additional information on amsmath, use the `?' option.
(/usr/share/texlive/texmf-dist/tex/latex/amsmath/amsbsy.sty
Package: amsbsy 1999/11/29 v1.2d Bold Symbols
LaTeX Info: Redefining \boldsymbol on input line 28.
\pmbraise@=\dimen261
)
(/usr/share/texlive/texmf-dist/tex/latex/amsmath/amsopn.sty
Package: amsopn 2016/03/08 v2.02 operator names
)
\inf@bad=\count286
LaTeX Info: Redefining \frac on input line 213.
\uproot@=\count287
\leftroot@=\count288
LaTeX Info: Redefining \overline on input line 375.
\classnum@=\count289
\DOTSCASE@=\count290
LaTeX Info: Redefining \ldots on input line 472.
LaTeX Info: Redefining \dots on input line 475.
LaTeX Info: Redefining \cdots on input line 596.
\Mathstrutbox@=\box60
\strutbox@=\box61
\big@size=\dimen262
LaTeX Font Info:    Redeclaring font encoding OML on input line 712.
LaTeX Font Info:    Redeclaring font encoding OMS on input line 713.
\macc@depth=\count291
\c@MaxMatrixCols=\count292
\dotsspace@=\muskip17
\c@parentequation=\count293
\dspbrk@lvl=\count294
\tag@help=\toks30
\row@=\count295
\column@=\count296
\maxfields@=\count297
\andhelp@=\toks31
\eqnshift@=\dimen263
\alignsep@=\dimen264
\tagshift@=\dimen265
\tagwidth@=\dimen266
\totwidth@=\dimen267
\lineht@=\dimen268
\@envbody=\toks32
\multlinegap=\skip56
\multlinetaggap=\skip57
\mathdisplay@stack=\toks33
LaTeX Info: Redefining \[ on input line 2817.
LaTeX Info: Redefining \] on input line 2818.
)
(/usr/share/texlive/texmf-dist/tex/latex/amsfonts/amssymb.sty
Package: amssymb 2013/01/14 v3.01 AMS font symbols

(/usr/share/texlive/texmf-dist/tex/latex/amsfonts/amsfonts.sty
Package: amsfonts 2013/01/14 v3.01 Basic AMSFonts support
\symAMSa=\mathgroup7
\symAMSb=\mathgroup8
LaTeX Font Info:    Overwriting math alphabet `\mathfrak' in version `bold'
(Font)                  U/euf/m/n --> U/euf/b/n on input line 106.
))
(/usr/share/texlive/texmf-dist/tex/latex/fancyhdr/fancyhdr.sty
Package: fancyhdr 2017/06/30 v3.9a Extensive control of page headers and footer
s
\f@nch@headwidth=\skip58
\f@nch@O@elh=\skip59
\f@nch@O@erh=\skip60
\f@nch@O@olh=\skip61
\f@nch@O@orh=\skip62
\f@nch@O@elf=\skip63
\f@nch@O@erf=\skip64
\f@nch@O@olf=\skip65
\f@nch@O@orf=\skip66
)
(/usr/share/texlive/texmf-dist/tex/latex/pdfpages/pdfpages.sty
Package: pdfpages 2017/10/31 v0.5l Insert pages of external PDF documents (AM)

(/usr/share/texlive/texmf-dist/tex/latex/base/ifthen.sty
Package: ifthen 2014/09/29 v1.1c Standard LaTeX ifthen package (DPC)
)
(/usr/share/texlive/texmf-dist/tex/latex/tools/calc.sty
Package: calc 2014/10/28 v4.3 Infix arithmetic (KKT,FJ)
\calc@Acount=\count298
\calc@Bcount=\count299
\calc@Adimen=\dimen269
\calc@Bdimen=\dimen270
\calc@Askip=\skip67
\calc@Bskip=\skip68
LaTeX Info: Redefining \setlength on input line 80.
LaTeX Info: Redefining \addtolength on input line 81.
\calc@Ccount=\count300
\calc@Cskip=\skip69
)
(/usr/share/texlive/texmf-dist/tex/latex/eso-pic/eso-pic.sty
Package: eso-pic 2015/07/21 v2.0g eso-pic (RN)

(/usr/share/texlive/texmf-dist/tex/generic/oberdiek/atbegshi.sty
Package: atbegshi 2016/06/09 v1.18 At begin shipout hook (HO)
))
\AM@pagewidth=\dimen271
\AM@pageheight=\dimen272

(/usr/share/texlive/texmf-dist/tex/latex/pdfpages/pppdftex.def
File: pppdftex.def 2017/10/31 v0.5l Pdfpages driver for pdfTeX (AM)
)
\AM@pagebox=\box62
\AM@global@opts=\toks34
\AM@toc@title=\toks35
\c@AM@survey=\count301
\AM@templatesizebox=\box63
)
(/usr/share/texlive/texmf-dist/tex/latex/titlesec/titlesec.sty
Package: titlesec 2016/03/21 v2.10.2 Sectioning titles
\ttl@box=\box64
\beforetitleunit=\skip70
\aftertitleunit=\skip71
\ttl@plus=\dimen273
\ttl@minus=\dimen274
\ttl@toksa=\toks36
\titlewidth=\dimen275
\titlewidthlast=\dimen276
\titlewidthfirst=\dimen277
)
(/usr/share/texlive/texmf-dist/tex/latex/caption/subcaption.sty
Package: subcaption 2016/05/22 v1.1-161 Sub-captions (AR)

(/usr/share/texlive/texmf-dist/tex/latex/caption/caption.sty
Package: caption 2016/02/21 v3.3-144 Customizing captions (AR)

(/usr/share/texlive/texmf-dist/tex/latex/caption/caption3.sty
Package: caption3 2016/05/22 v1.7-166 caption3 kernel (AR)
Package caption3 Info: TeX engine: e-TeX on input line 67.
\captionmargin=\dimen278
\captionmargin@=\dimen279
\captionwidth=\dimen280
\caption@tempdima=\dimen281
\caption@indent=\dimen282
\caption@parindent=\dimen283
\caption@hangindent=\dimen284
)
\c@ContinuedFloat=\count302
)
\c@subfigure=\count303
\c@subtable=\count304
)
(/usr/share/texlive/texmf-dist/tex/latex/float/float.sty
Package: float 2001/11/08 v1.3d Float enhancements (AL)
\c@float@type=\count305
\float@exts=\toks37
\float@box=\box65
\@float@everytoks=\toks38
\@floatcapt=\box66
)
(/usr/share/texlive/texmf-dist/tex/latex/etoolbox/etoolbox.sty
Package: etoolbox 2018/02/11 v2.5e e-TeX tools for LaTeX (JAW)
\etb@tempcnta=\count306
)
(/usr/share/texlive/texmf-dist/tex/latex/tocloft/tocloft.sty
Package: tocloft 2017/08/31 v2.3i parameterised ToC, etc., typesetting
Package tocloft Info: The document has chapter divisions on input line 51.
\cftparskip=\skip72
\cftbeforetoctitleskip=\skip73
\cftaftertoctitleskip=\skip74
\cftbeforepartskip=\skip75
\cftpartnumwidth=\skip76
\cftpartindent=\skip77
\cftbeforechapskip=\skip78
\cftchapindent=\skip79
\cftchapnumwidth=\skip80
\cftbeforesecskip=\skip81
\cftsecindent=\skip82
\cftsecnumwidth=\skip83
\cftbeforesubsecskip=\skip84
\cftsubsecindent=\skip85
\cftsubsecnumwidth=\skip86
\cftbeforesubsubsecskip=\skip87
\cftsubsubsecindent=\skip88
\cftsubsubsecnumwidth=\skip89
\cftbeforeparaskip=\skip90
\cftparaindent=\skip91
\cftparanumwidth=\skip92
\cftbeforesubparaskip=\skip93
\cftsubparaindent=\skip94
\cftsubparanumwidth=\skip95
\cftbeforeloftitleskip=\skip96
\cftafterloftitleskip=\skip97
\cftbeforefigskip=\skip98
\cftfigindent=\skip99
\cftfignumwidth=\skip100
\c@lofdepth=\count307
\c@lotdepth=\count308
\cftbeforelottitleskip=\skip101
\cftafterlottitleskip=\skip102
\cftbeforetabskip=\skip103
\cfttabindent=\skip104
\cfttabnumwidth=\skip105
)
(/usr/share/texlive/texmf-dist/tex/latex/enumitem/enumitem.sty
Package: enumitem 2011/09/28 v3.5.2 Customized lists
\labelindent=\skip106
\enit@outerparindent=\dimen285
\enit@toks=\toks39
\enit@inbox=\box67
\enitdp@description=\count309
)
(/usr/share/texlive/texmf-dist/tex/latex/glossaries/base/glossaries.sty
Package: glossaries 2017/11/14 v4.35 (NLCT)

(/usr/share/texlive/texmf-dist/tex/latex/xkeyval/xkeyval.sty
Package: xkeyval 2014/12/03 v2.7a package option processing (HA)

(/usr/share/texlive/texmf-dist/tex/generic/xkeyval/xkeyval.tex
(/usr/share/texlive/texmf-dist/tex/generic/xkeyval/xkvutils.tex
\XKV@toks=\toks40
\XKV@tempa@toks=\toks41
)
\XKV@depth=\count310
File: xkeyval.tex 2014/12/03 v2.7a key=value parser (HA)
))
(/usr/share/texlive/texmf-dist/tex/latex/mfirstuc/mfirstuc.sty
Package: mfirstuc 2017/11/14 v2.06 (NLCT)
\@glsmfirst=\toks42
\@glsmrest=\toks43
)
(/usr/share/texlive/texmf-dist/tex/latex/textcase/textcase.sty
Package: textcase 2004/10/07 v0.07 Text only upper/lower case changing (DPC)
)
(/usr/share/texlive/texmf-dist/tex/latex/xfor/xfor.sty
Package: xfor 2009/02/05 v1.05 (NLCT)
)
(/usr/share/texlive/texmf-dist/tex/latex/datatool/datatool-base.sty
Package: datatool-base 2017/11/12 v2.29 (NLCT)

(/usr/share/texlive/texmf-dist/tex/latex/substr/substr.sty
Package: substr 2009/10/20 v1.2 Handle substrings
\c@su@anzahl=\count311
)
(/usr/share/texlive/texmf-dist/tex/latex/datatool/datatool-fp.sty
Package: datatool-fp 2017/11/12 v2.29 (NLCT)

(/usr/share/texlive/texmf-dist/tex/latex/fp/fp.sty
Package: fp 1995/04/02

`Fixed Point Package', Version 0.8, April 2, 1995 (C) Michael Mehlich
(/usr/share/texlive/texmf-dist/tex/latex/fp/defpattern.sty
Package: defpattern 1994/10/12
\actioncount=\count312
)
(/usr/share/texlive/texmf-dist/tex/latex/fp/fp-basic.sty
Package: fp-basic 1996/05/13
\FP@xs=\count313
\FP@xia=\count314
\FP@xib=\count315
\FP@xfa=\count316
\FP@xfb=\count317
\FP@rega=\count318
\FP@regb=\count319
\FP@regs=\count320
\FP@times=\count321
)
(/usr/share/texlive/texmf-dist/tex/latex/fp/fp-addons.sty
Package: fp-addons 1995/03/15
)
(/usr/share/texlive/texmf-dist/tex/latex/fp/fp-snap.sty
Package: fp-snap 1995/04/05
)
(/usr/share/texlive/texmf-dist/tex/latex/fp/fp-exp.sty
Package: fp-exp 1995/04/03
)
(/usr/share/texlive/texmf-dist/tex/latex/fp/fp-trigo.sty
Package: fp-trigo 1995/04/14
)
(/usr/share/texlive/texmf-dist/tex/latex/fp/fp-pas.sty
Package: fp-pas 1994/08/29
)
(/usr/share/texlive/texmf-dist/tex/latex/fp/fp-random.sty
Package: fp-random 1995/02/23
\FPseed=\count322
)
(/usr/share/texlive/texmf-dist/tex/latex/fp/fp-eqn.sty
Package: fp-eqn 1995/04/03
)
(/usr/share/texlive/texmf-dist/tex/latex/fp/fp-upn.sty
Package: fp-upn 1996/10/21
)
(/usr/share/texlive/texmf-dist/tex/latex/fp/fp-eval.sty
Package: fp-eval 1995/04/03
)))
\@dtl@toks=\toks44
\@dtl@tmpcount=\count323
\dtl@tmplength=\skip107
\dtl@sortresult=\count324
\@dtl@numgrpsepcount=\count325
\@dtl@datatype=\count326
\dtl@codeA=\count327
\dtl@codeB=\count328
\@dtl@foreach@level=\count329
)
(/usr/share/texlive/texmf-dist/tex/latex/glossaries/base/glossaries-compatible-
307.sty
Package: glossaries-compatible-307 2017/11/14 v4.35 (NLCT)
) (/usr/share/texlive/texmf-dist/tex/latex/tracklang/tracklang.sty
Package: tracklang 2018/02/21 v1.3.5 (NLCT) Track Languages

(/usr/share/texlive/texmf-dist/tex/generic/tracklang/tracklang.tex))
(/usr/share/texlive/texmf-dist/tex/latex/glossaries-english/glossaries-english.
ldf
File: glossaries-english.ldf 2014/11/23 v1.0
)
\gls@level=\count330
\@gls@tmpb=\toks45
\gls@tmplen=\skip108
\glskeylisttok=\toks46
\glslabeltok=\toks47
\glsshorttok=\toks48
\glslongtok=\toks49

(/usr/share/texlive/texmf-dist/tex/latex/glossaries/styles/glossary-hypernav.st
y
Package: glossary-hypernav 2017/11/14 v4.35 (NLCT)
) (/usr/share/texlive/texmf-dist/tex/latex/glossaries/styles/glossary-list.sty
Package: glossary-list 2017/11/14 v4.35 (NLCT)
\glslistdottedwidth=\skip109
) (/usr/share/texlive/texmf-dist/tex/latex/glossaries/styles/glossary-long.sty
Package: glossary-long 2017/11/14 v4.35 (NLCT)

(/usr/share/texlive/texmf-dist/tex/latex/tools/longtable.sty
Package: longtable 2014/10/28 v4.11 Multi-page Table package (DPC)
\LTleft=\skip110
\LTright=\skip111
\LTpre=\skip112
\LTpost=\skip113
\LTchunksize=\count331
\LTcapwidth=\dimen286
\LT@head=\box68
\LT@firsthead=\box69
\LT@foot=\box70
\LT@lastfoot=\box71
\LT@cols=\count332
\LT@rows=\count333
\c@LT@tables=\count334
\c@LT@chunks=\count335
\LT@p@ftn=\toks50
)
\glsdescwidth=\skip114
\glspagelistwidth=\skip115
)
(/usr/share/texlive/texmf-dist/tex/latex/glossaries/styles/glossary-super.sty
Package: glossary-super 2017/11/14 v4.35 (NLCT)

(/usr/share/texlive/texmf-dist/tex/latex/supertabular/supertabular.sty
Package: supertabular 2004/02/20 v4.1e the supertabular environment
\c@tracingst=\count336
\ST@wd=\dimen287
\ST@rightskip=\skip116
\ST@leftskip=\skip117
\ST@parfillskip=\skip118
\ST@pageleft=\dimen288
\ST@headht=\dimen289
\ST@tailht=\dimen290
\ST@pagesofar=\dimen291
\ST@pboxht=\dimen292
\ST@lineht=\dimen293
\ST@stretchht=\dimen294
\ST@prevht=\dimen295
\ST@toadd=\dimen296
\ST@dimen=\dimen297
\ST@pbox=\box72
))
(/usr/share/texlive/texmf-dist/tex/latex/glossaries/styles/glossary-tree.sty
Package: glossary-tree 2017/11/14 v4.35 (NLCT)
\glstreeindent=\skip119
))
\glswrite=\write4
\glo@main@file=\write5
\openout5 = `Paper_EV.glo'.

Package glossaries Info: Writing glossary file Paper_EV.glo on input line 163.
\glo@acronym@file=\write6
\openout6 = `Paper_EV.acn'.

Package glossaries Info: Writing glossary file Paper_EV.acn on input line 163.

(/usr/share/texlive/texmf-dist/tex/latex/hyperref/hyperref.sty
Package: hyperref 2018/02/06 v6.86b Hypertext links for LaTeX

(/usr/share/texlive/texmf-dist/tex/generic/oberdiek/hobsub-hyperref.sty
Package: hobsub-hyperref 2016/05/16 v1.14 Bundle oberdiek, subset hyperref (HO)


(/usr/share/texlive/texmf-dist/tex/generic/oberdiek/hobsub-generic.sty
Package: hobsub-generic 2016/05/16 v1.14 Bundle oberdiek, subset generic (HO)
Package: hobsub 2016/05/16 v1.14 Construct package bundles (HO)
Package hobsub Info: Skipping package `infwarerr' (already loaded).
Package hobsub Info: Skipping package `ltxcmds' (already loaded).
Package hobsub Info: Skipping package `ifluatex' (already loaded).
Package hobsub Info: Skipping package `ifvtex' (already loaded).
Package hobsub Info: Skipping package `intcalc' (already loaded).
Package hobsub Info: Skipping package `ifpdf' (already loaded).
Package hobsub Info: Skipping package `etexcmds' (already loaded).
Package hobsub Info: Skipping package `kvsetkeys' (already loaded).
Package: kvdefinekeys 2016/05/16 v1.4 Define keys (HO)
Package hobsub Info: Skipping package `pdftexcmds' (already loaded).
Package: pdfescape 2016/05/16 v1.14 Implements pdfTeX's escape features (HO)
Package hobsub Info: Skipping package `bigintcalc' (already loaded).
Package: bitset 2016/05/16 v1.2 Handle bit-vector datatype (HO)
Package hobsub Info: Skipping package `uniquecounter' (already loaded).
)
Package hobsub Info: Skipping package `hobsub' (already loaded).
Package hobsub Info: Skipping package `letltxmacro' (already loaded).
Package: hopatch 2016/05/16 v1.3 Wrapper for package hooks (HO)
Package: xcolor-patch 2016/05/16 xcolor patch
Package hobsub Info: Skipping package `atveryend' (already loaded).
Package hobsub Info: Skipping package `atbegshi' (already loaded).
Package: refcount 2016/05/16 v3.5 Data extraction from label references (HO)
Package: hycolor 2016/05/16 v1.8 Color options for hyperref/bookmark (HO)
)
(/usr/share/texlive/texmf-dist/tex/latex/oberdiek/auxhook.sty
Package: auxhook 2016/05/16 v1.4 Hooks for auxiliary files (HO)
)
\@linkdim=\dimen298
\Hy@linkcounter=\count337
\Hy@pagecounter=\count338

(/usr/share/texlive/texmf-dist/tex/latex/hyperref/pd1enc.def
File: pd1enc.def 2018/02/06 v6.86b Hyperref: PDFDocEncoding definition (HO)
)
\Hy@SavedSpaceFactor=\count339

(/usr/share/texlive/texmf-dist/tex/latex/latexconfig/hyperref.cfg
File: hyperref.cfg 2002/06/06 v1.2 hyperref configuration of TeXLive
)
Package hyperref Info: Hyper figures OFF on input line 4509.
Package hyperref Info: Link nesting OFF on input line 4514.
Package hyperref Info: Hyper index ON on input line 4517.
Package hyperref Info: Plain pages OFF on input line 4524.
Package hyperref Info: Backreferencing OFF on input line 4529.
Package hyperref Info: Implicit mode ON; LaTeX internals redefined.
Package hyperref Info: Bookmarks ON on input line 4762.
\c@Hy@tempcnt=\count340
LaTeX Info: Redefining \url on input line 5115.
\XeTeXLinkMargin=\dimen299
\Fld@menulength=\count341
\Field@Width=\dimen300
\Fld@charsize=\dimen301
Package hyperref Info: Hyper figures OFF on input line 6369.
Package hyperref Info: Link nesting OFF on input line 6374.
Package hyperref Info: Hyper index ON on input line 6377.
Package hyperref Info: backreferencing OFF on input line 6384.
Package hyperref Info: Link coloring OFF on input line 6389.
Package hyperref Info: Link coloring with OCG OFF on input line 6394.
Package hyperref Info: PDF/A mode OFF on input line 6399.
LaTeX Info: Redefining \ref on input line 6439.
LaTeX Info: Redefining \pageref on input line 6443.
\Hy@abspage=\count342
\c@Item=\count343
\c@Hfootnote=\count344
)
Package hyperref Info: Driver (autodetected): hpdftex.

(/usr/share/texlive/texmf-dist/tex/latex/hyperref/hpdftex.def
File: hpdftex.def 2018/02/06 v6.86b Hyperref driver for pdfTeX
\Fld@listcount=\count345
\c@bookmark@seq@number=\count346
\Hy@SectionHShift=\skip120
)

Package hyperref Warning: Option `pdftex' has already been used,
(hyperref)                setting the option has no effect on input line 167.

Package hyperref Info: Option `colorlinks' set `true' on input line 167.
(./Paper_EV.aux
\c@pagesLTS.roman.1.local.cnt=\count347


LaTeX Warning: Label `eq:filter_c' multiply defined.

\c@pagesLTS.arabic.1.local.cnt=\count348
\c@pagesLTS.roman.2.local.cnt=\count349
)
\openout1 = `Paper_EV.aux'.

LaTeX Font Info:    Checking defaults for OML/cmm/m/it on input line 171.
LaTeX Font Info:    ... okay on input line 171.
LaTeX Font Info:    Checking defaults for T1/cmr/m/n on input line 171.
LaTeX Font Info:    ... okay on input line 171.
LaTeX Font Info:    Checking defaults for OT1/cmr/m/n on input line 171.
LaTeX Font Info:    ... okay on input line 171.
LaTeX Font Info:    Checking defaults for OMS/cmsy/m/n on input line 171.
LaTeX Font Info:    ... okay on input line 171.
LaTeX Font Info:    Checking defaults for OMX/cmex/m/n on input line 171.
LaTeX Font Info:    ... okay on input line 171.
LaTeX Font Info:    Checking defaults for U/cmr/m/n on input line 171.
LaTeX Font Info:    ... okay on input line 171.
LaTeX Font Info:    Checking defaults for PD1/pdf/m/n on input line 171.
LaTeX Font Info:    ... okay on input line 171.
LaTeX Font Info:    Try loading font information for OT1+phv on input line 171.

 (/usr/share/texlive/texmf-dist/tex/latex/psnfss/ot1phv.fd
File: ot1phv.fd 2001/06/04 scalable font definitions for OT1/phv.
)
*geometry* driver: auto-detecting
*geometry* detected driver: pdftex
*geometry* verbose mode - [ preamble ] result:
* driver: pdftex
* paper: a4paper
* layout: <same size as paper>
* layoutoffset:(h,v)=(0.0pt,0.0pt)
* modes: twoside 
* h-part:(L,W,R)=(71.13188pt, 455.24411pt, 71.13188pt)
* v-part:(T,H,B)=(71.13188pt, 688.5567pt, 85.35826pt)
* \paperwidth=597.50787pt
* \paperheight=845.04684pt
* \textwidth=455.24411pt
* \textheight=688.5567pt
* \oddsidemargin=-1.1381pt
* \evensidemargin=-1.1381pt
* \topmargin=-38.1381pt
* \headheight=12.0pt
* \headsep=25.0pt
* \topskip=11.0pt
* \footskip=30.0pt
* \marginparwidth=103.0pt
* \marginparsep=10.0pt
* \columnsep=10.0pt
* \skip\footins=10.0pt plus 4.0pt minus 2.0pt
* \hoffset=0.0pt
* \voffset=0.0pt
* \mag=1000
* \@twocolumnfalse
* \@twosidetrue
* \@mparswitchtrue
* \@reversemarginfalse
* (1in=72.27pt=25.4mm, 1cm=28.453pt)

ABD: EveryShipout initializing macros
(/usr/share/texlive/texmf-dist/tex/context/base/mkii/supp-pdf.mkii
[Loading MPS to PDF converter (version 2006.09.02).]
\scratchcounter=\count350
\scratchdimen=\dimen302
\scratchbox=\box73
\nofMPsegments=\count351
\nofMParguments=\count352
\everyMPshowfont=\toks51
\MPscratchCnt=\count353
\MPscratchDim=\dimen303
\MPnumerator=\count354
\makeMPintoPDFobject=\count355
\everyMPtoPDFconversion=\toks52
) (/usr/share/texlive/texmf-dist/tex/latex/oberdiek/epstopdf-base.sty
Package: epstopdf-base 2016/05/15 v2.6 Base part for package epstopdf

(/usr/share/texlive/texmf-dist/tex/latex/oberdiek/grfext.sty
Package: grfext 2016/05/16 v1.2 Manage graphics extensions (HO)
)
Package epstopdf-base Info: Redefining graphics rule for `.eps' on input line 4
38.
Package grfext Info: Graphics extension search list:
(grfext)             [.pdf,.png,.jpg,.mps,.jpeg,.jbig2,.jb2,.PDF,.PNG,.JPG,.JPE
G,.JBIG2,.JB2,.eps]
(grfext)             \AppendGraphicsExtensions on input line 456.

(/usr/share/texlive/texmf-dist/tex/latex/latexconfig/epstopdf-sys.cfg
File: epstopdf-sys.cfg 2010/07/13 v1.3 Configuration of (r)epstopdf for TeX Liv
e
))
(/usr/share/texlive/texmf-dist/tex/latex/translator/translator-basic-dictionary
-English.dict
Dictionary: translator-basic-dictionary, Language: English 
)
(/usr/share/texlive/texmf-dist/tex/latex/siunitx/siunitx-abbreviations.cfg
File: siunitx-abbreviations.cfg 2017/11/26 v2.7k siunitx: Abbreviated units
)

Package pageslts Warning: Package pdfpages detected.
(pageslts)                Using hyperref with pdfpages can cause problems. See
(pageslts)                https://www.ctan.org/pkg/pax
(pageslts)                for the Pdf Annotations eXtractor, pax.

\AtBeginShipoutBox=\box74
(/usr/share/texlive/texmf-dist/tex/latex/oberdiek/pdflscape.sty
Package: pdflscape 2016/05/14 v0.11 Display of landscape pages in PDF (HO)

(/usr/share/texlive/texmf-dist/tex/latex/graphics/lscape.sty
Package: lscape 2000/10/22 v3.01 Landscape Pages (DPC)
)
Package pdflscape Info: Auto-detected driver: pdftex on input line 81.
)
Package caption Info: Begin \AtBeginDocument code.
Package caption Info: float package is loaded.
Package caption Info: hyperref package is loaded.
Package caption Info: longtable package is loaded.

(/usr/share/texlive/texmf-dist/tex/latex/caption/ltcaption.sty
Package: ltcaption 2013/06/09 v1.4-94 longtable captions (AR)
)
Package caption Info: supertabular package is loaded.
Package caption Info: End \AtBeginDocument code.
Package hyperref Info: Link coloring ON on input line 171.

(/usr/share/texlive/texmf-dist/tex/latex/hyperref/nameref.sty
Package: nameref 2016/05/21 v2.44 Cross-referencing by name of section

(/usr/share/texlive/texmf-dist/tex/generic/oberdiek/gettitlestring.sty
Package: gettitlestring 2016/05/16 v1.5 Cleanup title references (HO)
)
\c@section@level=\count356
)
LaTeX Info: Redefining \ref on input line 171.
LaTeX Info: Redefining \pageref on input line 171.
LaTeX Info: Redefining \nameref on input line 171.

(./Paper_EV.out) (./Paper_EV.out)
\@outlinefile=\write7
\openout7 = `Paper_EV.out'.

\c__siunitx_mathsf_int=\count357
LaTeX Font Info:    Try loading font information for U+msa on input line 171.

(/usr/share/texlive/texmf-dist/tex/latex/amsfonts/umsa.fd
File: umsa.fd 2013/01/14 v3.01 AMS symbols A
)
LaTeX Font Info:    Try loading font information for U+msb on input line 171.

(/usr/share/texlive/texmf-dist/tex/latex/amsfonts/umsb.fd
File: umsb.fd 2013/01/14 v3.01 AMS symbols B
)
\c__siunitx_mathtt_int=\count358
\c@pagesLTS.pnc.roman=\count359
\c@pagesLTS.double.roman=\count360
\c@pagesLTS.current.local.roman=\count361


pdfTeX warning: pdflatex (file ./figs/Title_page.pdf): PDF inclusion: found PDF
 version <1.7>, but at most version <1.5> allowed
<figs/Title_page.pdf, id=115, 597.55246pt x 845.07718pt>
File: figs/Title_page.pdf Graphic file (type pdf)
<use figs/Title_page.pdf>
Package pdftex.def Info: figs/Title_page.pdf  used on input line 177.
(pdftex.def)             Requested size: 597.551pt x 845.07512pt.


pdfTeX warning: pdflatex (file ./figs/Title_page.pdf): PDF inclusion: found PDF
 version <1.7>, but at most version <1.5> allowed
File: figs/Title_page.pdf Graphic file (type pdf)
<use figs/Title_page.pdf>
Package pdftex.def Info: figs/Title_page.pdf  used on input line 177.
(pdftex.def)             Requested size: 597.551pt x 845.07512pt.


pdfTeX warning: pdflatex (file ./figs/Title_page.pdf): PDF inclusion: found PDF
 version <1.7>, but at most version <1.5> allowed


pdfTeX warning: pdflatex (file ./figs/Title_page.pdf): PDF inclusion: found PDF
 version <1.7>, but at most version <1.5> allowed
<figs/Title_page.pdf, id=118, page=1, 597.55246pt x 845.07718pt>
File: figs/Title_page.pdf Graphic file (type pdf)
<use figs/Title_page.pdf, page 1>
Package pdftex.def Info: figs/Title_page.pdf , page1 used on input line 177.
(pdftex.def)             Requested size: 597.551pt x 845.07512pt.
File: figs/Title_page.pdf Graphic file (type pdf)
<use figs/Title_page.pdf, page 1>
Package pdftex.def Info: figs/Title_page.pdf , page1 used on input line 177.
(pdftex.def)             Requested size: 597.57834pt x 845.1138pt.
File: figs/Title_page.pdf Graphic file (type pdf)
<use figs/Title_page.pdf, page 1>
Package pdftex.def Info: figs/Title_page.pdf , page1 used on input line 177.
(pdftex.def)             Requested size: 597.57834pt x 845.1138pt.
File: figs/Title_page.pdf Graphic file (type pdf)
<use figs/Title_page.pdf, page 1>
Package pdftex.def Info: figs/Title_page.pdf , page1 used on input line 177.
(pdftex.def)             Requested size: 597.57834pt x 845.1138pt.
File: figs/Title_page.pdf Graphic file (type pdf)
<use figs/Title_page.pdf, page 1>
Package pdftex.def Info: figs/Title_page.pdf , page1 used on input line 177.
(pdftex.def)             Requested size: 597.57834pt x 845.1138pt.
[1

\openout4 = `Paper_EV.ist'.

 <./figs/Title_page.pdf>] [2]
LaTeX Font Info:    Font shape `OT1/phv/bx/n' in size <13> not available
(Font)              Font shape `OT1/phv/b/n' tried instead on input line 185.

Underfull \hbox (badness 10000) in paragraph at lines 186--199

 []


Underfull \hbox (badness 10000) in paragraph at lines 186--199

 []


Underfull \hbox (badness 10000) in paragraph at lines 186--199

 []


Underfull \hbox (badness 10000) in paragraph at lines 186--199

 []


Underfull \hbox (badness 10000) in paragraph at lines 186--199

 []

<figs/fsd.png, id=145, 258.9675pt x 93.34875pt>
File: figs/fsd.png Graphic file (type png)
<use figs/fsd.png>
Package pdftex.def Info: figs/fsd.png  used on input line 206.
(pdftex.def)             Requested size: 71.13188pt x 25.64035pt.

Package Fancyhdr Warning: \headheight is too small (12.0pt): 
 Make it at least 29.72038pt.
 We now make it that large for the rest of the document.
 This may cause the page layout to be inconsistent, however.

[3{/var/lib/texmf/fonts/map/pdftex/updmap/pdftex.map} <./figs/fsd.png>]
[4]
LaTeX Font Info:    Font shape `OT1/phv/m/it' in size <10.95> not available
(Font)              Font shape `OT1/phv/m/sl' tried instead on input line 210.

Overfull \hbox (5.89906pt too wide) in paragraph at lines 211--213
\OT1/phv/m/sl/10.95 Regelge-setz wird dann erst in Simulink en-twick-elt und an
-schlie^^Yend auf der Quadrotor-Hardware
 []


Overfull \hbox (0.71085pt too wide) in paragraph at lines 211--213
\OT1/phv/m/sl/10.95 gangs-ma-trix, Mes-sung und Berech-nung der Ak-tu-a-torzeit
kon-stante sowie Er-mit-tlung des Schub-
 []


Overfull \hbox (12.72258pt too wide) in paragraph at lines 211--213
\OT1/phv/m/sl/10.95 Mapping-Parameters be-sprochen. Ab-schlie^^Yend, wird der i
m-ple-men-tierte Re-gler auf die F[]ahigkeit
 []

File: figs/fsd.png Graphic file (type png)
<use figs/fsd.png>
Package pdftex.def Info: figs/fsd.png  used on input line 228.
(pdftex.def)             Requested size: 71.13188pt x 25.64035pt.

Package Fancyhdr Warning: \headheight is too small (12.0pt): 
 Make it at least 29.72038pt.
 We now make it that large for the rest of the document.
 This may cause the page layout to be inconsistent, however.

[5] [6]
LaTeX Font Info:    Font shape `OT1/phv/bx/n' in size <14> not available
(Font)              Font shape `OT1/phv/b/n' tried instead on input line 241.
 (./Paper_EV.toc
LaTeX Font Info:    Font shape `OT1/phv/bx/n' in size <10.95> not available
(Font)              Font shape `OT1/phv/b/n' tried instead on input line 1.
)
\tf@toc=\write8
\openout8 = `Paper_EV.toc'.

File: figs/fsd.png Graphic file (type png)
<use figs/fsd.png>
Package pdftex.def Info: figs/fsd.png  used on input line 249.
(pdftex.def)             Requested size: 71.13188pt x 25.64035pt.


Package Fancyhdr Warning: \headheight is too small (12.0pt): 
 Make it at least 29.72038pt.
 We now make it that large for the rest of the document.
 This may cause the page layout to be inconsistent, however.

[7

] [8] (./Paper_EV.lof)
\tf@lof=\write9
\openout9 = `Paper_EV.lof'.

File: figs/fsd.png Graphic file (type png)
<use figs/fsd.png>
Package pdftex.def Info: figs/fsd.png  used on input line 268.
(pdftex.def)             Requested size: 71.13188pt x 25.64035pt.


Package Fancyhdr Warning: \headheight is too small (12.0pt): 
 Make it at least 29.72038pt.
 We now make it that large for the rest of the document.
 This may cause the page layout to be inconsistent, however.

[9

] [10] (./Paper_EV.acr)
File: figs/fsd.png Graphic file (type png)
<use figs/fsd.png>
Package pdftex.def Info: figs/fsd.png  used on input line 295.
(pdftex.def)             Requested size: 71.13188pt x 25.64035pt.


Package Fancyhdr Warning: \headheight is too small (12.0pt): 
 Make it at least 29.72038pt.
 We now make it that large for the rest of the document.
 This may cause the page layout to be inconsistent, however.

[11


] [12]
Underfull \vbox (badness 4132) has occurred while \output is active []

File: figs/fsd.png Graphic file (type png)
<use figs/fsd.png>
Package pdftex.def Info: figs/fsd.png  used on input line 387.
(pdftex.def)             Requested size: 71.13188pt x 25.64035pt.


Package Fancyhdr Warning: \headheight is too small (12.0pt): 
 Make it at least 29.72038pt.
 We now make it that large for the rest of the document.
 This may cause the page layout to be inconsistent, however.

[13

]
Underfull \vbox (badness 10000) has occurred while \output is active []

File: figs/fsd.png Graphic file (type png)
<use figs/fsd.png>
Package pdftex.def Info: figs/fsd.png  used on input line 418.
(pdftex.def)             Requested size: 71.13188pt x 25.64035pt.


Package Fancyhdr Warning: \headheight is too small (12.0pt): 
 Make it at least 29.72038pt.
 We now make it that large for the rest of the document.
 This may cause the page layout to be inconsistent, however.

[14]
Underfull \vbox (badness 10000) has occurred while \output is active []

File: figs/fsd.png Graphic file (type png)
<use figs/fsd.png>
Package pdftex.def Info: figs/fsd.png  used on input line 461.
(pdftex.def)             Requested size: 71.13188pt x 25.64035pt.


Package Fancyhdr Warning: \headheight is too small (12.0pt): 
 Make it at least 29.72038pt.
 We now make it that large for the rest of the document.
 This may cause the page layout to be inconsistent, however.

[15]
File: figs/fsd.png Graphic file (type png)
<use figs/fsd.png>
Package pdftex.def Info: figs/fsd.png  used on input line 509.
(pdftex.def)             Requested size: 71.13188pt x 25.64035pt.


Package Fancyhdr Warning: \headheight is too small (12.0pt): 
 Make it at least 29.72038pt.
 We now make it that large for the rest of the document.
 This may cause the page layout to be inconsistent, however.

[16]
\c@pagesLTS.roman.1.local.count=\count362
\c@pagesLTS.pnc.arabic=\count363
\c@pagesLTS.double.arabic=\count364
\c@pagesLTS.current.local.arabic=\count365

Chapter 1.

Underfull \vbox (badness 10000) has occurred while \output is active []

File: figs/fsd.png Graphic file (type png)
<use figs/fsd.png>
Package pdftex.def Info: figs/fsd.png  used on input line 558.
(pdftex.def)             Requested size: 71.13188pt x 25.64035pt.


Package Fancyhdr Warning: \headheight is too small (12.0pt): 
 Make it at least 29.72038pt.
 We now make it that large for the rest of the document.
 This may cause the page layout to be inconsistent, however.

[1

]
File: figs/fsd.png Graphic file (type png)
<use figs/fsd.png>
Package pdftex.def Info: figs/fsd.png  used on input line 560.
(pdftex.def)             Requested size: 71.13188pt x 25.64035pt.


Package Fancyhdr Warning: \headheight is too small (12.0pt): 
 Make it at least 29.72038pt.
 We now make it that large for the rest of the document.
 This may cause the page layout to be inconsistent, however.

[2]
Chapter 2.
File: figs/fsd.png Graphic file (type png)
<use figs/fsd.png>
Package pdftex.def Info: figs/fsd.png  used on input line 593.
(pdftex.def)             Requested size: 71.13188pt x 25.64035pt.

Package Fancyhdr Warning: \headheight is too small (12.0pt): 
 Make it at least 29.72038pt.
 We now make it that large for the rest of the document.
 This may cause the page layout to be inconsistent, however.

[3

]
File: figs/fsd.png Graphic file (type png)
<use figs/fsd.png>
Package pdftex.def Info: figs/fsd.png  used on input line 649.
(pdftex.def)             Requested size: 71.13188pt x 25.64035pt.


Package Fancyhdr Warning: \headheight is too small (12.0pt): 
 Make it at least 29.72038pt.
 We now make it that large for the rest of the document.
 This may cause the page layout to be inconsistent, however.

[4]
File: figs/fsd.png Graphic file (type png)
<use figs/fsd.png>
Package pdftex.def Info: figs/fsd.png  used on input line 694.
(pdftex.def)             Requested size: 71.13188pt x 25.64035pt.


Package Fancyhdr Warning: \headheight is too small (12.0pt): 
 Make it at least 29.72038pt.
 We now make it that large for the rest of the document.
 This may cause the page layout to be inconsistent, however.

[5]
LaTeX Font Info:    Font shape `OT1/phv/bx/n' in size <11> not available
(Font)              Font shape `OT1/phv/b/n' tried instead on input line 695.
File: figs/fsd.png Graphic file (type png)
<use figs/fsd.png>
Package pdftex.def Info: figs/fsd.png  used on input line 735.
(pdftex.def)             Requested size: 71.13188pt x 25.64035pt.


Package Fancyhdr Warning: \headheight is too small (12.0pt): 
 Make it at least 29.72038pt.
 We now make it that large for the rest of the document.
 This may cause the page layout to be inconsistent, however.

[6]

pdfTeX warning: pdflatex (file ./figs/frames.pdf): PDF inclusion: found PDF ver
sion <1.7>, but at most version <1.5> allowed
<figs/frames.pdf, id=405, 963.6pt x 542.025pt>
File: figs/frames.pdf Graphic file (type pdf)
<use figs/frames.pdf>
Package pdftex.def Info: figs/frames.pdf  used on input line 788.
(pdftex.def)             Requested size: 364.19667pt x 204.8551pt.

Underfull \vbox (badness 10000) has occurred while \output is active []

File: figs/fsd.png Graphic file (type png)
<use figs/fsd.png>
Package pdftex.def Info: figs/fsd.png  used on input line 795.
(pdftex.def)             Requested size: 71.13188pt x 25.64035pt.


Package Fancyhdr Warning: \headheight is too small (12.0pt): 
 Make it at least 29.72038pt.
 We now make it that large for the rest of the document.
 This may cause the page layout to be inconsistent, however.

[7]
Overfull \hbox (19.24237pt too wide) detected at line 842
[]\OML/cmm/b/it/10.95 G[]\OT1/cmr/m/n/10.95 (\OML/cmm/b/it/10.95 !\OT1/cmr/m/n/
10.95 ) = []
 []


Underfull \vbox (badness 10000) has occurred while \output is active []

File: figs/fsd.png Graphic file (type png)
<use figs/fsd.png>
Package pdftex.def Info: figs/fsd.png  used on input line 842.
(pdftex.def)             Requested size: 71.13188pt x 25.64035pt.


Package Fancyhdr Warning: \headheight is too small (12.0pt): 
 Make it at least 29.72038pt.
 We now make it that large for the rest of the document.
 This may cause the page layout to be inconsistent, however.

[8 <./figs/frames.pdf>]

pdfTeX warning: pdflatex (file ./figs/indi_inner_croped.pdf): PDF inclusion: fo
und PDF version <1.7>, but at most version <1.5> allowed
<figs/indi_inner_croped.pdf, id=447, 640.31023pt x 233.12796pt>
File: figs/indi_inner_croped.pdf Graphic file (type pdf)
<use figs/indi_inner_croped.pdf>
Package pdftex.def Info: figs/indi_inner_croped.pdf  used on input line 885.
(pdftex.def)             Requested size: 455.24411pt x 165.75322pt.

Underfull \vbox (badness 10000) has occurred while \output is active []

File: figs/fsd.png Graphic file (type png)
<use figs/fsd.png>
Package pdftex.def Info: figs/fsd.png  used on input line 892.
(pdftex.def)             Requested size: 71.13188pt x 25.64035pt.


Package Fancyhdr Warning: \headheight is too small (12.0pt): 
 Make it at least 29.72038pt.
 We now make it that large for the rest of the document.
 This may cause the page layout to be inconsistent, however.

[9]

pdfTeX warning: pdflatex (file ./figs/pid_inner_croped.pdf): PDF inclusion: fou
nd PDF version <1.7>, but at most version <1.5> allowed
<figs/pid_inner_croped.pdf, id=461, 448.32294pt x 122.36615pt>
File: figs/pid_inner_croped.pdf Graphic file (type pdf)
<use figs/pid_inner_croped.pdf>
Package pdftex.def Info: figs/pid_inner_croped.pdf  used on input line 896.
(pdftex.def)             Requested size: 318.66948pt x 86.97952pt.
File: figs/fsd.png Graphic file (type png)
<use figs/fsd.png>
Package pdftex.def Info: figs/fsd.png  used on input line 937.
(pdftex.def)             Requested size: 71.13188pt x 25.64035pt.

Package Fancyhdr Warning: \headheight is too small (12.0pt): 
 Make it at least 29.72038pt.
 We now make it that large for the rest of the document.
 This may cause the page layout to be inconsistent, however.

[10 <./figs/indi_inner_croped.pdf> <./figs/pid_inner_croped.pdf

pdfTeX warning: pdflatex (file ./figs/pid_inner_croped.pdf): PDF inclusion: mul
tiple pdfs with page group included in a single page
>]
File: figs/fsd.png Graphic file (type png)
<use figs/fsd.png>
Package pdftex.def Info: figs/fsd.png  used on input line 983.
(pdftex.def)             Requested size: 71.13188pt x 25.64035pt.


Package Fancyhdr Warning: \headheight is too small (12.0pt): 
 Make it at least 29.72038pt.
 We now make it that large for the rest of the document.
 This may cause the page layout to be inconsistent, however.

[11]

pdfTeX warning: pdflatex (file ./figs/indi_outer_croped.pdf): PDF inclusion: fo
und PDF version <1.7>, but at most version <1.5> allowed
<figs/indi_outer_croped.pdf, id=557, 610.77385pt x 190.93231pt>
File: figs/indi_outer_croped.pdf Graphic file (type pdf)
<use figs/indi_outer_croped.pdf>
Package pdftex.def Info: figs/indi_outer_croped.pdf  used on input line 1048.
(pdftex.def)             Requested size: 455.24411pt x 142.31612pt.
File: figs/fsd.png Graphic file (type png)
<use figs/fsd.png>
Package pdftex.def Info: figs/fsd.png  used on input line 1055.
(pdftex.def)             Requested size: 71.13188pt x 25.64035pt.

Package Fancyhdr Warning: \headheight is too small (12.0pt): 
 Make it at least 29.72038pt.
 We now make it that large for the rest of the document.
 This may cause the page layout to be inconsistent, however.

[12]

pdfTeX warning: pdflatex (file ./figs/pid_outer_croped.pdf): PDF inclusion: fou
nd PDF version <1.7>, but at most version <1.5> allowed
<figs/pid_outer_croped.pdf, id=573, 523.37653pt x 119.9943pt>
File: figs/pid_outer_croped.pdf Graphic file (type pdf)
<use figs/pid_outer_croped.pdf>
Package pdftex.def Info: figs/pid_outer_croped.pdf  used on input line 1060.
(pdftex.def)             Requested size: 364.19667pt x 83.49739pt.
File: figs/fsd.png Graphic file (type png)
<use figs/fsd.png>
Package pdftex.def Info: figs/fsd.png  used on input line 1069.
(pdftex.def)             Requested size: 71.13188pt x 25.64035pt.

Package Fancyhdr Warning: \headheight is too small (12.0pt): 
 Make it at least 29.72038pt.
 We now make it that large for the rest of the document.
 This may cause the page layout to be inconsistent, however.

[13 <./figs/indi_outer_croped.pdf> <./figs/pid_outer_croped.pdf

pdfTeX warning: pdflatex (file ./figs/pid_outer_croped.pdf): PDF inclusion: mul
tiple pdfs with page group included in a single page
>] [14]
Chapter 3.
<figs/crazyflie_drone.jpg, id=659, 1027.84pt x 1027.84pt>
File: figs/crazyflie_drone.jpg Graphic file (type jpg)
<use figs/crazyflie_drone.jpg>
Package pdftex.def Info: figs/crazyflie_drone.jpg  used on input line 1091.
(pdftex.def)             Requested size: 168.4381pt x 168.42569pt.
File: figs/fsd.png Graphic file (type png)
<use figs/fsd.png>
Package pdftex.def Info: figs/fsd.png  used on input line 1102.
(pdftex.def)             Requested size: 71.13188pt x 25.64035pt.

Package Fancyhdr Warning: \headheight is too small (12.0pt): 
 Make it at least 29.72038pt.
 We now make it that large for the rest of the document.
 This may cause the page layout to be inconsistent, however.

[15

 <./figs/crazyflie_drone.jpg>]
File: figs/fsd.png Graphic file (type png)
<use figs/fsd.png>
Package pdftex.def Info: figs/fsd.png  used on input line 1129.
(pdftex.def)             Requested size: 71.13188pt x 25.64035pt.


Package Fancyhdr Warning: \headheight is too small (12.0pt): 
 Make it at least 29.72038pt.
 We now make it that large for the rest of the document.
 This may cause the page layout to be inconsistent, however.

[16]
File: figs/fsd.png Graphic file (type png)
<use figs/fsd.png>
Package pdftex.def Info: figs/fsd.png  used on input line 1160.
(pdftex.def)             Requested size: 71.13188pt x 25.64035pt.


Package Fancyhdr Warning: \headheight is too small (12.0pt): 
 Make it at least 29.72038pt.
 We now make it that large for the rest of the document.
 This may cause the page layout to be inconsistent, however.

[17]
<figs/sim_outer_all.pdf, id=715, 421.575pt x 316.18124pt>
File: figs/sim_outer_all.pdf Graphic file (type pdf)
<use figs/sim_outer_all.pdf>
Package pdftex.def Info: figs/sim_outer_all.pdf  used on input line 1199.
(pdftex.def)             Requested size: 368.74661pt x 276.56624pt.
File: figs/fsd.png Graphic file (type png)
<use figs/fsd.png>
Package pdftex.def Info: figs/fsd.png  used on input line 1205.
(pdftex.def)             Requested size: 71.13188pt x 25.64035pt.


Package Fancyhdr Warning: \headheight is too small (12.0pt): 
 Make it at least 29.72038pt.
 We now make it that large for the rest of the document.
 This may cause the page layout to be inconsistent, however.

[18]
<figs/sim_inner_all.pdf, id=730, 421.575pt x 316.18124pt>
File: figs/sim_inner_all.pdf Graphic file (type pdf)
<use figs/sim_inner_all.pdf>
Package pdftex.def Info: figs/sim_inner_all.pdf  used on input line 1210.
(pdftex.def)             Requested size: 368.74661pt x 276.56624pt.
File: figs/fsd.png Graphic file (type png)
<use figs/fsd.png>
Package pdftex.def Info: figs/fsd.png  used on input line 1217.
(pdftex.def)             Requested size: 71.13188pt x 25.64035pt.


Package Fancyhdr Warning: \headheight is too small (12.0pt): 
 Make it at least 29.72038pt.
 We now make it that large for the rest of the document.
 This may cause the page layout to be inconsistent, however.

[19 <./figs/sim_outer_all.pdf> <./figs/sim_inner_all.pdf>]
<figs/g2.pdf, id=827, 421.575pt x 316.18124pt>
File: figs/g2.pdf Graphic file (type pdf)
<use figs/g2.pdf>
Package pdftex.def Info: figs/g2.pdf  used on input line 1222.
(pdftex.def)             Requested size: 318.66948pt x 239.00726pt.
File: figs/fsd.png Graphic file (type png)
<use figs/fsd.png>
Package pdftex.def Info: figs/fsd.png  used on input line 1240.
(pdftex.def)             Requested size: 71.13188pt x 25.64035pt.


Package Fancyhdr Warning: \headheight is too small (12.0pt): 
 Make it at least 29.72038pt.
 We now make it that large for the rest of the document.
 This may cause the page layout to be inconsistent, however.

[20 <./figs/g2.pdf>]
<figs/g_contribution.pdf, id=866, 421.575pt x 316.18124pt>
File: figs/g_contribution.pdf Graphic file (type pdf)
<use figs/g_contribution.pdf>
Package pdftex.def Info: figs/g_contribution.pdf  used on input line 1272.
(pdftex.def)             Requested size: 377.85344pt x 283.39777pt.
File: figs/fsd.png Graphic file (type png)
<use figs/fsd.png>
Package pdftex.def Info: figs/fsd.png  used on input line 1283.
(pdftex.def)             Requested size: 71.13188pt x 25.64035pt.


Package Fancyhdr Warning: \headheight is too small (12.0pt): 
 Make it at least 29.72038pt.
 We now make it that large for the rest of the document.
 This may cause the page layout to be inconsistent, however.

[21 <./figs/g_contribution.pdf>]

pdfTeX warning: pdflatex (file ./figs/actuator_croped.pdf): PDF inclusion: foun
d PDF version <1.7>, but at most version <1.5> allowed
<figs/actuator_croped.pdf, id=899, 357.603pt x 133.9695pt>
File: figs/actuator_croped.pdf Graphic file (type pdf)
<use figs/actuator_croped.pdf>
Package pdftex.def Info: figs/actuator_croped.pdf  used on input line 1288.
(pdftex.def)             Requested size: 318.66948pt x 119.38577pt.
File: figs/fsd.png Graphic file (type png)
<use figs/fsd.png>
Package pdftex.def Info: figs/fsd.png  used on input line 1313.
(pdftex.def)             Requested size: 71.13188pt x 25.64035pt.

Package Fancyhdr Warning: \headheight is too small (12.0pt): 
 Make it at least 29.72038pt.
 We now make it that large for the rest of the document.
 This may cause the page layout to be inconsistent, however.

[22 <./figs/actuator_croped.pdf>]
<figs/actuator_dynamic_est.pdf, id=946, 421.575pt x 316.18124pt>
File: figs/actuator_dynamic_est.pdf Graphic file (type pdf)
<use figs/actuator_dynamic_est.pdf>
Package pdftex.def Info: figs/actuator_dynamic_est.pdf  used on input line 1318
.
(pdftex.def)             Requested size: 364.19667pt x 273.15047pt.
File: figs/fsd.png Graphic file (type png)
<use figs/fsd.png>
Package pdftex.def Info: figs/fsd.png  used on input line 1338.
(pdftex.def)             Requested size: 71.13188pt x 25.64035pt.


Package Fancyhdr Warning: \headheight is too small (12.0pt): 
 Make it at least 29.72038pt.
 We now make it that large for the rest of the document.
 This may cause the page layout to be inconsistent, however.

[23 <./figs/actuator_dynamic_est.pdf>]
Missing character: There is no  in font phvr7t!
Missing character: There is no  in font phvr7t!
Missing character: There is no  in font phvr7t!
Missing character: There is no  in font phvr7t!
Missing character: There is no  in font phvr7t!
Missing character: There is no  in font phvr7t!
Missing character: There is no  in font phvr7t!
Missing character: There is no  in font phvr7t!
Missing character: There is no  in font phvr7t!
<figs/thrust_mapping.pdf, id=985, 421.575pt x 316.18124pt>
File: figs/thrust_mapping.pdf Graphic file (type pdf)
<use figs/thrust_mapping.pdf>
Package pdftex.def Info: figs/thrust_mapping.pdf  used on input line 1368.
(pdftex.def)             Requested size: 455.24411pt x 341.4417pt.


LaTeX Warning: `h' float specifier changed to `ht'.



pdfTeX warning: pdflatex (file ./figs/indi_outer_mod_croped.pdf): PDF inclusion
: found PDF version <1.7>, but at most version <1.5> allowed
<figs/indi_outer_mod_croped.pdf, id=988, 635.0365pt x 291.14574pt>
File: figs/indi_outer_mod_croped.pdf Graphic file (type pdf)
<use figs/indi_outer_mod_croped.pdf>
Package pdftex.def Info: figs/indi_outer_mod_croped.pdf  used on input line 139
4.
(pdftex.def)             Requested size: 455.24411pt x 208.71405pt.
File: figs/fsd.png Graphic file (type png)
<use figs/fsd.png>
Package pdftex.def Info: figs/fsd.png  used on input line 1400.
(pdftex.def)             Requested size: 71.13188pt x 25.64035pt.

Package Fancyhdr Warning: \headheight is too small (12.0pt): 
 Make it at least 29.72038pt.
 We now make it that large for the rest of the document.
 This may cause the page layout to be inconsistent, however.

[24]
File: figs/fsd.png Graphic file (type png)
<use figs/fsd.png>
Package pdftex.def Info: figs/fsd.png  used on input line 1403.
(pdftex.def)             Requested size: 71.13188pt x 25.64035pt.


Package Fancyhdr Warning: \headheight is too small (12.0pt): 
 Make it at least 29.72038pt.
 We now make it that large for the rest of the document.
 This may cause the page layout to be inconsistent, however.

[25 <./figs/thrust_mapping.pdf> <./figs/indi_outer_mod_croped.pdf>]
File: figs/fsd.png Graphic file (type png)
<use figs/fsd.png>
Package pdftex.def Info: figs/fsd.png  used on input line 1404.
(pdftex.def)             Requested size: 71.13188pt x 25.64035pt.


Package Fancyhdr Warning: \headheight is too small (12.0pt): 
 Make it at least 29.72038pt.
 We now make it that large for the rest of the document.
 This may cause the page layout to be inconsistent, however.

[26]
Chapter 4.


pdfTeX warning: pdflatex (file ./figs/experiment_croped.pdf): PDF inclusion: fo
und PDF version <1.7>, but at most version <1.5> allowed
<figs/experiment_croped.pdf, id=1093, 599.1705pt x 194.09714pt>
File: figs/experiment_croped.pdf Graphic file (type pdf)
<use figs/experiment_croped.pdf>
Package pdftex.def Info: figs/experiment_croped.pdf  used on input line 1421.
(pdftex.def)             Requested size: 455.24411pt x 147.47388pt.
File: figs/fsd.png Graphic file (type png)
<use figs/fsd.png>
Package pdftex.def Info: figs/fsd.png  used on input line 1444.
(pdftex.def)             Requested size: 71.13188pt x 25.64035pt.

Package Fancyhdr Warning: \headheight is too small (12.0pt): 
 Make it at least 29.72038pt.
 We now make it that large for the rest of the document.
 This may cause the page layout to be inconsistent, however.

[27

 <./figs/experiment_croped.pdf>]
<figs/mean_std.pdf, id=1135, 421.575pt x 316.18124pt>
File: figs/mean_std.pdf Graphic file (type pdf)
<use figs/mean_std.pdf>
Package pdftex.def Info: figs/mean_std.pdf  used on input line 1453.
(pdftex.def)             Requested size: 409.71692pt x 307.29367pt.
<figs/disturbance_rej.pdf, id=1137, 421.575pt x 316.18124pt>
File: figs/disturbance_rej.pdf Graphic file (type pdf)
<use figs/disturbance_rej.pdf>
Package pdftex.def Info: figs/disturbance_rej.pdf  used on input line 1467.
(pdftex.def)             Requested size: 409.71692pt x 307.29367pt.

Underfull \vbox (badness 10000) has occurred while \output is active []

File: figs/fsd.png Graphic file (type png)
<use figs/fsd.png>
Package pdftex.def Info: figs/fsd.png  used on input line 1474.
(pdftex.def)             Requested size: 71.13188pt x 25.64035pt.


Package Fancyhdr Warning: \headheight is too small (12.0pt): 
 Make it at least 29.72038pt.
 We now make it that large for the rest of the document.
 This may cause the page layout to be inconsistent, however.

[28 <./figs/mean_std.pdf>]
Underfull \vbox (badness 2617) has occurred while \output is active []

File: figs/fsd.png Graphic file (type png)
<use figs/fsd.png>
Package pdftex.def Info: figs/fsd.png  used on input line 1482.
(pdftex.def)             Requested size: 71.13188pt x 25.64035pt.


Package Fancyhdr Warning: \headheight is too small (12.0pt): 
 Make it at least 29.72038pt.
 We now make it that large for the rest of the document.
 This may cause the page layout to be inconsistent, however.

[29 <./figs/disturbance_rej.pdf>]
<figs/results_responses.pdf, id=1186, 421.575pt x 316.18124pt>
File: figs/results_responses.pdf Graphic file (type pdf)
<use figs/results_responses.pdf>
Package pdftex.def Info: figs/results_responses.pdf  used on input line 1487.
(pdftex.def)             Requested size: 409.71692pt x 307.29367pt.
File: figs/fsd.png Graphic file (type png)
<use figs/fsd.png>
Package pdftex.def Info: figs/fsd.png  used on input line 1501.
(pdftex.def)             Requested size: 71.13188pt x 25.64035pt.


Package Fancyhdr Warning: \headheight is too small (12.0pt): 
 Make it at least 29.72038pt.
 We now make it that large for the rest of the document.
 This may cause the page layout to be inconsistent, however.

[30 <./figs/results_responses.pdf>]
Chapter 5.
File: figs/fsd.png Graphic file (type png)
<use figs/fsd.png>
Package pdftex.def Info: figs/fsd.png  used on input line 1517.
(pdftex.def)             Requested size: 71.13188pt x 25.64035pt.

Package Fancyhdr Warning: \headheight is too small (12.0pt): 
 Make it at least 29.72038pt.
 We now make it that large for the rest of the document.
 This may cause the page layout to be inconsistent, however.

[31

]
\c@pagesLTS.arabic.1.local.count=\count366
 (./Paper_EV.bbl
Underfull \hbox (badness 10000) in paragraph at lines 15--18
[]\OT1/phv/m/n/10.95 J.F. Horn.  Non-linear dy-namic in-ver-sion con-trol de-si
gn for ro-tor-craft.
 []

) 
AED: pageslts setting LastPage 
File: figs/fsd.png Graphic file (type png)
<use figs/fsd.png>
Package pdftex.def Info: figs/fsd.png  used on input line 1543.
(pdftex.def)             Requested size: 71.13188pt x 25.64035pt.

Package Fancyhdr Warning: \headheight is too small (12.0pt): 
 Make it at least 29.72038pt.
 We now make it that large for the rest of the document.
 This may cause the page layout to be inconsistent, however.

pdfTeX warning (ext4): destination with the same identifier (name{page.i}) has 
been already used, duplicate ignored
<to be read again> 
                   \relax 
l.1543 \end{document}
                     

Package undolabl Warning: Label `pagesLTS.roman' overridden on input line 1543.



Package undolabl Warning: Label `pagesLTS.roman.local' overridden on input line
 1543.


Underfull \hbox (badness 10000) has occurred while \output is active
[][][]
 []

[1

]
Package atveryend Info: Empty hook `BeforeClearDocument' on input line 1543.
Package atveryend Info: Executing hook `AfterLastShipout' on input line 1543.
\c@pagesLTS.roman.2.local.count=\count367
 
AED: pageslts setting VeryLastPage via AfterLastShipout 

AED: pageslts setting LastPages via AfterLastShipout 


Package pageslts Info: Total number of pages is even.


(./Paper_EV.aux)
Package atveryend Info: Executing hook `AtVeryEndDocument' on input line 1543.
Package atveryend Info: Executing hook `AtEndAfterFileList' on input line 1543.

Package rerunfilecheck Info: File `Paper_EV.out' has not changed.
(rerunfilecheck)             Checksum: F2817B3E9602772F999FA3649E7B5C01;1940.


LaTeX Warning: There were multiply-defined labels.

Package atveryend Info: Empty hook `AtVeryVeryEnd' on input line 1543.
 ) 
Here is how much of TeX's memory you used:
 36726 strings out of 492982
 718777 string characters out of 6134895
 821824 words of memory out of 5000000
 39514 multiletter control sequences out of 15000+600000
 554884 words of font info for 80 fonts, out of 8000000 for 9000
 1141 hyphenation exceptions out of 8191
 55i,22n,61p,10359b,886s stack positions out of 5000i,500n,10000p,200000b,80000s
{/usr/share/texlive/texmf-dist/fonts/enc/dvips/base/8r.enc}</usr/share/texliv
e/texmf-dist/fonts/type1/public/amsfonts/cm/cmbx10.pfb></usr/share/texlive/texm
f-dist/fonts/type1/public/amsfonts/cm/cmbx8.pfb></usr/share/texlive/texmf-dist/
fonts/type1/public/amsfonts/cm/cmex10.pfb></usr/share/texlive/texmf-dist/fonts/
type1/public/amsfonts/cm/cmmi10.pfb></usr/share/texlive/texmf-dist/fonts/type1/
public/amsfonts/cm/cmmi6.pfb></usr/share/texlive/texmf-dist/fonts/type1/public/
amsfonts/cm/cmmi8.pfb></usr/share/texlive/texmf-dist/fonts/type1/public/amsfont
s/cm/cmmib10.pfb></usr/share/texlive/texmf-dist/fonts/type1/public/amsfonts/cme
xtra/cmmib8.pfb></usr/share/texlive/texmf-dist/fonts/type1/public/amsfonts/cm/c
mr10.pfb></usr/share/texlive/texmf-dist/fonts/type1/public/amsfonts/cm/cmr6.pfb
></usr/share/texlive/texmf-dist/fonts/type1/public/amsfonts/cm/cmr8.pfb></usr/s
hare/texlive/texmf-dist/fonts/type1/public/amsfonts/cm/cmss10.pfb></usr/share/t
exlive/texmf-dist/fonts/type1/public/amsfonts/cm/cmsy10.pfb></usr/share/texlive
/texmf-dist/fonts/type1/public/amsfonts/cm/cmsy6.pfb></usr/share/texlive/texmf-
dist/fonts/type1/public/amsfonts/cm/cmsy8.pfb></usr/share/texlive/texmf-dist/fo
nts/type1/public/amsfonts/cm/cmtt10.pfb></usr/share/texlive/texmf-dist/fonts/ty
pe1/public/amsfonts/symbols/msbm10.pfb></usr/share/texlive/texmf-dist/fonts/typ
e1/urw/helvetic/uhvb8a.pfb></usr/share/texlive/texmf-dist/fonts/type1/urw/helve
tic/uhvr8a.pfb></usr/share/texlive/texmf-dist/fonts/type1/urw/helvetic/uhvro8a.
pfb>
Output written on Paper_EV.pdf (48 pages, 2249467 bytes).
PDF statistics:
 1335 PDF objects out of 1440 (max. 8388607)
 1174 compressed objects within 12 object streams
 186 named destinations out of 1000 (max. 500000)
 344 words of extra memory for PDF output out of 10000 (max. 10000000)

