This is pdfTeX, Version 3.14159265-2.6-1.40.20 (MiKTeX 2.9.7250 64-bit) (preloaded format=pdflatex 2019.12.16)  16 DEC 2019 16:43
entering extended mode
**./Template.tex
(Template.tex
LaTeX2e <2019-10-01> patch level 3
("C:\Program Files\MiKTeX 2.9\tex/latex/base\report.cls"
Document Class: report 2019/10/25 v1.4k Standard LaTeX document class
("C:\Program Files\MiKTeX 2.9\tex/latex/base\size11.clo"
File: size11.clo 2019/10/25 v1.4k Standard LaTeX file (size option)
)
\c@part=\count80
\c@chapter=\count81
\c@section=\count82
\c@subsection=\count83
\c@subsubsection=\count84
\c@paragraph=\count85
\c@subparagraph=\count86
\c@figure=\count87
\c@table=\count88
\abovecaptionskip=\skip41
\belowcaptionskip=\skip42
\bibindent=\dimen102
)
("C:\Program Files\MiKTeX 2.9\tex/latex/geometry\geometry.sty"
Package: geometry 2018/04/16 v5.8 Page Geometry

("C:\Program Files\MiKTeX 2.9\tex/latex/graphics\keyval.sty"
Package: keyval 2014/10/28 v1.15 key=value parser (DPC)
\KV@toks@=\toks14
)
("C:\Program Files\MiKTeX 2.9\tex/generic/iftex\ifpdf.sty"
Package: ifpdf 2019/10/25 v3.4 ifpdf legacy package. Use iftex instead.

("C:\Program Files\MiKTeX 2.9\tex/generic/iftex\iftex.sty"
Package: iftex 2019/11/07 v1.0c TeX engine tests
))
("C:\Program Files\MiKTeX 2.9\tex/generic/iftex\ifvtex.sty"
Package: ifvtex 2019/10/25 v1.7 ifvtex legacy package. Use iftex instead.
)
("C:\Program Files\MiKTeX 2.9\tex/generic/iftex\ifxetex.sty"
Package: ifxetex 2019/10/25 v0.7 ifxetex legacy package. Use iftex instead.
)
\Gm@cnth=\count89
\Gm@cntv=\count90
\c@Gm@tempcnt=\count91
\Gm@bindingoffset=\dimen103
\Gm@wd@mp=\dimen104
\Gm@odd@mp=\dimen105
\Gm@even@mp=\dimen106
\Gm@layoutwidth=\dimen107
\Gm@layoutheight=\dimen108
\Gm@layouthoffset=\dimen109
\Gm@layoutvoffset=\dimen110
\Gm@dimlist=\toks15

("C:\Program Files\MiKTeX 2.9\tex/latex/geometry\geometry.cfg"))
("C:\Program Files\MiKTeX 2.9\tex/latex/psnfss\helvet.sty"
Package: helvet 2005/04/12 PSNFSS-v9.2a (WaS) 
)
("C:\Program Files\MiKTeX 2.9\tex/latex/pageslts\pageslts.sty"
Package: pageslts 2015/12/21 v1.2f Refers to special pages' numbers/names (HMM)


("C:\Program Files\MiKTeX 2.9\tex/generic/oberdiek\ltxcmds.sty"
Package: ltxcmds 2016/05/16 v1.23 LaTeX kernel commands for general use (HO)
)
("C:\Program Files\MiKTeX 2.9\tex/latex/oberdiek\atveryend.sty"
Package: atveryend 2016/05/16 v1.9 Hooks at the very end of document (HO)
Package atveryend Info: \enddocument detected (standard20110627).
)
("C:\Program Files\MiKTeX 2.9\tex/latex/ms\everyshi.sty"
Package: everyshi 2001/05/15 v3.00 EveryShipout Package (MS)
)
("C:\Program Files\MiKTeX 2.9\tex/latex/oberdiek\letltxmacro.sty"
Package: letltxmacro 2016/05/16 v1.5 Let assignment for LaTeX macros (HO)
)
("C:\Program Files\MiKTeX 2.9\tex/latex/oberdiek\kvoptions.sty"
Package: kvoptions 2016/05/16 v3.12 Key value format for package options (HO)

("C:\Program Files\MiKTeX 2.9\tex/generic/oberdiek\kvsetkeys.sty"
Package: kvsetkeys 2016/05/16 v1.17 Key value parser (HO)

("C:\Program Files\MiKTeX 2.9\tex/generic/oberdiek\infwarerr.sty"
Package: infwarerr 2016/05/16 v1.4 Providing info/warning/error messages (HO)
)
("C:\Program Files\MiKTeX 2.9\tex/generic/oberdiek\etexcmds.sty"
Package: etexcmds 2016/05/16 v1.6 Avoid name clashes with e-TeX commands (HO)

("C:\Program Files\MiKTeX 2.9\tex/generic/iftex\ifluatex.sty"
Package: ifluatex 2019/10/25 v1.5 ifluatex legacy package. Use iftex instead.
))))
("C:\Program Files\MiKTeX 2.9\tex/latex/undolabl\undolabl.sty"
Package: undolabl 2015/03/29 v1.0l Overriding labels (HMM)
)
("C:\Program Files\MiKTeX 2.9\tex/latex/oberdiek\rerunfilecheck.sty"
Package: rerunfilecheck 2016/05/16 v1.8 Rerun checks for auxiliary files (HO)

("C:\Program Files\MiKTeX 2.9\tex/latex/pdftexcmds\pdftexcmds.sty"
Package: pdftexcmds 2019/11/24 v0.31 Utility functions of pdfTeX for LuaTeX (HO
)
Package pdftexcmds Info: \pdf@primitive is available.
Package pdftexcmds Info: \pdf@ifprimitive is available.
Package pdftexcmds Info: \pdfdraftmode found.
)
("C:\Program Files\MiKTeX 2.9\tex/generic/oberdiek\uniquecounter.sty"
Package: uniquecounter 2016/05/16 v1.3 Provide unlimited unique counter (HO)

("C:\Program Files\MiKTeX 2.9\tex/generic/oberdiek\bigintcalc.sty"
Package: bigintcalc 2016/05/16 v1.4 Expandable calculations on big integers (HO
)
))
Package uniquecounter Info: New unique counter `rerunfilecheck' on input line 2
82.
)
Package pageslts Info: Option pagecontinue enabled
(pageslts)             (maybe by default):
(pageslts)             The pageslts package will continue the page numbering,
(pageslts)             when the same page numbering scheme is used twice.
(pageslts)             If you do not want this, call pageslts with option
(pageslts)             pagecontinue=false (or use \setcounter{page}=1).
(pageslts)              on input line 179.

("C:\Program Files\MiKTeX 2.9\tex/generic/oberdiek\alphalph.sty"
Package: alphalph 2016/05/16 v2.5 Convert numbers to letters (HO)

("C:\Program Files\MiKTeX 2.9\tex/generic/oberdiek\intcalc.sty"
Package: intcalc 2016/05/16 v1.2 Expandable calculations with integers (HO)
))
Package pageslts Info: Option romanMult enabled
(pageslts)             (maybe by default):
(pageslts)             The pageslts package will extend the page numbering
(pageslts)             of the roman scheme below i with
(pageslts)             0, -i, -ii, -iii, -iv,...
(pageslts)             If you do not want this, call pageslts with option
(pageslts)             romanMult=false.
(pageslts)              on input line 278.
Package pageslts Info: Option RomanMulti enabled
(pageslts)             (maybe by default):
(pageslts)             The pageslts package will extend the page numbering
(pageslts)             of the Roman scheme below I with
(pageslts)             0, -I, -II, -III, -IV,...
(pageslts)             If you do not want this, call pageslts with option
(pageslts)             RomanMulti=false.
(pageslts)              on input line 300.
Package pageslts Info: Option fnsymbolmult enabled
(pageslts)             (maybe by default):
(pageslts)             The pageslts package will extend the page numbering
(pageslts)             of the footnotesymbol scheme using the alphalph
(pageslts)             package.
(pageslts)             If you do not want this, call pageslts with option
(pageslts)             fnsymbolmult=false.
(pageslts)              on input line 322.
\c@CurrentPage=\count92
\c@pagesLTS.pagenr=\count93
\c@pagesLTS.current.local.0=\count94
\c@pagesLTS.pnc.0=\count95
)
("C:\Program Files\MiKTeX 2.9\tex/latex/fancyhdr\fancyhdr.sty"
Package: fancyhdr 2019/01/31 v3.10 Extensive control of page headers and footer
s
\f@nch@headwidth=\skip43
\f@nch@O@elh=\skip44
\f@nch@O@erh=\skip45
\f@nch@O@olh=\skip46
\f@nch@O@orh=\skip47
\f@nch@O@elf=\skip48
\f@nch@O@erf=\skip49
\f@nch@O@olf=\skip50
\f@nch@O@orf=\skip51
)
("C:\Program Files\MiKTeX 2.9\tex/latex/pdfpages\pdfpages.sty"
Package: pdfpages 2019/11/21 v0.5o Insert pages of external PDF documents (AM)

("C:\Program Files\MiKTeX 2.9\tex/latex/base\ifthen.sty"
Package: ifthen 2014/09/29 v1.1c Standard LaTeX ifthen package (DPC)
)
("C:\Program Files\MiKTeX 2.9\tex/latex/tools\calc.sty"
Package: calc 2017/05/25 v4.3 Infix arithmetic (KKT,FJ)
\calc@Acount=\count96
\calc@Bcount=\count97
\calc@Adimen=\dimen111
\calc@Bdimen=\dimen112
\calc@Askip=\skip52
\calc@Bskip=\skip53
LaTeX Info: Redefining \setlength on input line 80.
LaTeX Info: Redefining \addtolength on input line 81.
\calc@Ccount=\count98
\calc@Cskip=\skip54
)
("C:\Program Files\MiKTeX 2.9\tex/latex/eso-pic\eso-pic.sty"
Package: eso-pic 2018/04/12 v2.0h eso-pic (RN)

("C:\Program Files\MiKTeX 2.9\tex/generic/oberdiek\atbegshi.sty"
Package: atbegshi 2016/06/09 v1.18 At begin shipout hook (HO)
)
("C:\Program Files\MiKTeX 2.9\tex/latex/xcolor\xcolor.sty"
Package: xcolor 2016/05/11 v2.12 LaTeX color extensions (UK)

("C:\Program Files\MiKTeX 2.9\tex/latex/graphics-cfg\color.cfg"
File: color.cfg 2016/01/02 v1.6 sample color configuration
)
Package xcolor Info: Driver file: pdftex.def on input line 225.

("C:\Program Files\MiKTeX 2.9\tex/latex/graphics-def\pdftex.def"
File: pdftex.def 2018/01/08 v1.0l Graphics/color driver for pdftex
)
Package xcolor Info: Model `cmy' substituted by `cmy0' on input line 1348.
Package xcolor Info: Model `hsb' substituted by `rgb' on input line 1352.
Package xcolor Info: Model `RGB' extended on input line 1364.
Package xcolor Info: Model `HTML' substituted by `rgb' on input line 1366.
Package xcolor Info: Model `Hsb' substituted by `hsb' on input line 1367.
Package xcolor Info: Model `tHsb' substituted by `hsb' on input line 1368.
Package xcolor Info: Model `HSB' substituted by `hsb' on input line 1369.
Package xcolor Info: Model `Gray' substituted by `gray' on input line 1370.
Package xcolor Info: Model `wave' substituted by `hsb' on input line 1371.
))
("C:\Program Files\MiKTeX 2.9\tex/latex/graphics\graphicx.sty"
Package: graphicx 2017/06/01 v1.1a Enhanced LaTeX Graphics (DPC,SPQR)

("C:\Program Files\MiKTeX 2.9\tex/latex/graphics\graphics.sty"
Package: graphics 2019/11/01 v1.3d Standard LaTeX Graphics (DPC,SPQR)

("C:\Program Files\MiKTeX 2.9\tex/latex/graphics\trig.sty"
Package: trig 2016/01/03 v1.10 sin cos tan (DPC)
)
("C:\Program Files\MiKTeX 2.9\tex/latex/graphics-cfg\graphics.cfg"
File: graphics.cfg 2016/06/04 v1.11 sample graphics configuration
)
Package graphics Info: Driver file: pdftex.def on input line 105.
)
\Gin@req@height=\dimen113
\Gin@req@width=\dimen114
)
\AM@pagewidth=\dimen115
\AM@pageheight=\dimen116

("C:\Program Files\MiKTeX 2.9\tex/latex/pdfpages\pppdftex.def"
File: pppdftex.def 2019/11/21 v0.5o Pdfpages driver for pdfTeX (AM)
)
\AM@pagebox=\box27
\AM@global@opts=\toks16
\AM@toc@title=\toks17
\c@AM@survey=\count99
\AM@templatesizebox=\box28
)
("C:\Program Files\MiKTeX 2.9\tex/latex/titlesec\titlesec.sty"
Package: titlesec 2019/10/16 v2.13 Sectioning titles
\ttl@box=\box29
\beforetitleunit=\skip55
\aftertitleunit=\skip56
\ttl@plus=\dimen117
\ttl@minus=\dimen118
\ttl@toksa=\toks18
\titlewidth=\dimen119
\titlewidthlast=\dimen120
\titlewidthfirst=\dimen121
)
("C:\Program Files\MiKTeX 2.9\tex/latex/caption\subcaption.sty"
Package: subcaption 2019/09/01 v1.3a Sub-captions (AR)

("C:\Program Files\MiKTeX 2.9\tex/latex/caption\caption.sty"
Package: caption 2019/10/18 v3.4a Customizing captions (AR)

("C:\Program Files\MiKTeX 2.9\tex/latex/caption\caption3.sty"
Package: caption3 2019/09/09 v1.8e caption3 kernel (AR)
Package caption3 Info: TeX engine: e-TeX on input line 64.
\captionmargin=\dimen122
\captionmargin@=\dimen123
\captionwidth=\dimen124
\caption@tempdima=\dimen125
\caption@indent=\dimen126
\caption@parindent=\dimen127
\caption@hangindent=\dimen128
Package caption Info: Standard document class detected.
)
\c@caption@flags=\count100
\c@continuedfloat=\count101
)
\c@subfigure=\count102
\c@subtable=\count103
)
("C:\Program Files\MiKTeX 2.9\tex/latex/float\float.sty"
Package: float 2001/11/08 v1.3d Float enhancements (AL)
\c@float@type=\count104
\float@exts=\toks19
\float@box=\box30
\@float@everytoks=\toks20
\@floatcapt=\box31
)
("C:\Program Files\MiKTeX 2.9\tex/latex/acronym\acronym.sty"
Package: acronym 2019/11/11 v1.42 Support for acronyms (Tobias Oetiker)

("C:\Program Files\MiKTeX 2.9\tex/latex/bigfoot\suffix.sty"
Package: suffix 2006/07/15 1.5a Variant command support
)
("C:\Program Files\MiKTeX 2.9\tex/latex/xstring\xstring.sty"
("C:\Program Files\MiKTeX 2.9\tex/generic/xstring\xstring.tex"
\integerpart=\count105
\decimalpart=\count106
)
Package: xstring 2019/02/06 v1.83 String manipulations (CT)
)
\AC@clearlist=\toks21
)
("C:\Program Files\MiKTeX 2.9\tex/latex/etoolbox\etoolbox.sty"
Package: etoolbox 2019/09/21 v2.5h e-TeX tools for LaTeX (JAW)
\etb@tempcnta=\count107
)
("C:\Program Files\MiKTeX 2.9\tex/latex/tocloft\tocloft.sty"
Package: tocloft 2017/08/31 v2.3i parameterised ToC, etc., typesetting
Package tocloft Info: The document has chapter divisions on input line 51.
\cftparskip=\skip57
\cftbeforetoctitleskip=\skip58
\cftaftertoctitleskip=\skip59
\cftbeforepartskip=\skip60
\cftpartnumwidth=\skip61
\cftpartindent=\skip62
\cftbeforechapskip=\skip63
\cftchapindent=\skip64
\cftchapnumwidth=\skip65
\cftbeforesecskip=\skip66
\cftsecindent=\skip67
\cftsecnumwidth=\skip68
\cftbeforesubsecskip=\skip69
\cftsubsecindent=\skip70
\cftsubsecnumwidth=\skip71
\cftbeforesubsubsecskip=\skip72
\cftsubsubsecindent=\skip73
\cftsubsubsecnumwidth=\skip74
\cftbeforeparaskip=\skip75
\cftparaindent=\skip76
\cftparanumwidth=\skip77
\cftbeforesubparaskip=\skip78
\cftsubparaindent=\skip79
\cftsubparanumwidth=\skip80
\cftbeforeloftitleskip=\skip81
\cftafterloftitleskip=\skip82
\cftbeforefigskip=\skip83
\cftfigindent=\skip84
\cftfignumwidth=\skip85
\c@lofdepth=\count108
\c@lotdepth=\count109
\cftbeforelottitleskip=\skip86
\cftafterlottitleskip=\skip87
\cftbeforetabskip=\skip88
\cfttabindent=\skip89
\cfttabnumwidth=\skip90
)
("C:\Program Files\MiKTeX 2.9\tex/latex/enumitem\enumitem.sty"
Package: enumitem 2019/06/20 v3.9 Customized lists
\labelindent=\skip91
\enit@outerparindent=\dimen129
\enit@toks=\toks22
\enit@inbox=\box32
\enit@count@id=\count110
\enitdp@description=\count111
) (Template.aux
\c@pagesLTS.roman.1.local.cnt=\count112
\c@pagesLTS.arabic.1.local.cnt=\count113
\c@pagesLTS.roman.2.local.cnt=\count114
)
\openout1 = `Template.aux'.

LaTeX Font Info:    Checking defaults for OML/cmm/m/it on input line 121.
LaTeX Font Info:    ... okay on input line 121.
LaTeX Font Info:    Checking defaults for T1/cmr/m/n on input line 121.
LaTeX Font Info:    ... okay on input line 121.
LaTeX Font Info:    Checking defaults for OT1/cmr/m/n on input line 121.
LaTeX Font Info:    ... okay on input line 121.
LaTeX Font Info:    Checking defaults for OMS/cmsy/m/n on input line 121.
LaTeX Font Info:    ... okay on input line 121.
LaTeX Font Info:    Checking defaults for OMX/cmex/m/n on input line 121.
LaTeX Font Info:    ... okay on input line 121.
LaTeX Font Info:    Checking defaults for U/cmr/m/n on input line 121.
LaTeX Font Info:    ... okay on input line 121.
LaTeX Font Info:    Trying to load font information for OT1+phv on input line 1
21.

("C:\Program Files\MiKTeX 2.9\tex/latex/psnfss\ot1phv.fd"
File: ot1phv.fd 2001/06/04 scalable font definitions for OT1/phv.
)
*geometry* driver: auto-detecting
*geometry* detected driver: pdftex
*geometry* verbose mode - [ preamble ] result:
* driver: pdftex
* paper: a4paper
* layout: <same size as paper>
* layoutoffset:(h,v)=(0.0pt,0.0pt)
* modes: twoside 
* h-part:(L,W,R)=(71.13188pt, 455.24411pt, 71.13188pt)
* v-part:(T,H,B)=(71.13188pt, 688.5567pt, 85.35826pt)
* \paperwidth=597.50787pt
* \paperheight=845.04684pt
* \textwidth=455.24411pt
* \textheight=688.5567pt
* \oddsidemargin=-1.1381pt
* \evensidemargin=-1.1381pt
* \topmargin=-38.1381pt
* \headheight=12.0pt
* \headsep=25.0pt
* \topskip=11.0pt
* \footskip=30.0pt
* \marginparwidth=103.0pt
* \marginparsep=10.0pt
* \columnsep=10.0pt
* \skip\footins=10.0pt plus 4.0pt minus 2.0pt
* \hoffset=0.0pt
* \voffset=0.0pt
* \mag=1000
* \@twocolumnfalse
* \@twosidetrue
* \@mparswitchtrue
* \@reversemarginfalse
* (1in=72.27pt=25.4mm, 1cm=28.453pt)

ABD: EveryShipout initializing macros

Package pageslts Warning: Package hyperref NOT detected.
(pageslts)                pageslts would support hyperref. The page references
(pageslts)                will NOT be hyperlinked!
(pageslts)                 on input line 121.

\AtBeginShipoutBox=\box33
("C:\Program Files\MiKTeX 2.9\tex/context/base/mkii\supp-pdf.mkii"
[Loading MPS to PDF converter (version 2006.09.02).]
\scratchcounter=\count115
\scratchdimen=\dimen130
\scratchbox=\box34
\nofMPsegments=\count116
\nofMParguments=\count117
\everyMPshowfont=\toks23
\MPscratchCnt=\count118
\MPscratchDim=\dimen131
\MPnumerator=\count119
\makeMPintoPDFobject=\count120
\everyMPtoPDFconversion=\toks24
) ("C:\Program Files\MiKTeX 2.9\tex/latex/oberdiek\epstopdf-base.sty"
Package: epstopdf-base 2016/05/15 v2.6 Base part for package epstopdf

("C:\Program Files\MiKTeX 2.9\tex/latex/oberdiek\grfext.sty"
Package: grfext 2016/05/16 v1.2 Manage graphics extensions (HO)

("C:\Program Files\MiKTeX 2.9\tex/generic/oberdiek\kvdefinekeys.sty"
Package: kvdefinekeys 2016/05/16 v1.4 Define keys (HO)
))
Package epstopdf-base Info: Redefining graphics rule for `.eps' on input line 4
38.
Package grfext Info: Graphics extension search list:
(grfext)             [.pdf,.png,.jpg,.mps,.jpeg,.jbig2,.jb2,.PDF,.PNG,.JPG,.JPE
G,.JBIG2,.JB2,.eps]
(grfext)             \AppendGraphicsExtensions on input line 456.
)
("C:\Program Files\MiKTeX 2.9\tex/latex/oberdiek\pdflscape.sty"
Package: pdflscape 2016/05/14 v0.11 Display of landscape pages in PDF (HO)

("C:\Program Files\MiKTeX 2.9\tex/latex/graphics\lscape.sty"
Package: lscape 2000/10/22 v3.01 Landscape Pages (DPC)
)
Package pdflscape Info: Auto-detected driver: pdftex on input line 81.
)
Package caption Info: Begin \AtBeginDocument code.
Package caption Info: float package is loaded.
Package caption Info: End \AtBeginDocument code.
\c@pagesLTS.pnc.roman=\count121
\c@pagesLTS.double.roman=\count122
\c@pagesLTS.current.local.roman=\count123


pdfTeX warning: pdflatex (file ./figs/Title_page.pdf): PDF inclusion: found PDF
 version <1.7>, but at most version <1.5> allowed
<figs/Title_page.pdf, id=1, 597.55246pt x 845.07718pt>
File: figs/Title_page.pdf Graphic file (type pdf)
<use figs/Title_page.pdf>
Package pdftex.def Info: figs/Title_page.pdf  used on input line 127.
(pdftex.def)             Requested size: 597.551pt x 845.07512pt.


pdfTeX warning: pdflatex (file ./figs/Title_page.pdf): PDF inclusion: found PDF
 version <1.7>, but at most version <1.5> allowed
File: figs/Title_page.pdf Graphic file (type pdf)
<use figs/Title_page.pdf>
Package pdftex.def Info: figs/Title_page.pdf  used on input line 127.
(pdftex.def)             Requested size: 597.551pt x 845.07512pt.


pdfTeX warning: pdflatex (file ./figs/Title_page.pdf): PDF inclusion: found PDF
 version <1.7>, but at most version <1.5> allowed


pdfTeX warning: pdflatex (file ./figs/Title_page.pdf): PDF inclusion: found PDF
 version <1.7>, but at most version <1.5> allowed
<figs/Title_page.pdf, id=4, page=1, 597.55246pt x 845.07718pt>
File: figs/Title_page.pdf Graphic file (type pdf)
<use figs/Title_page.pdf, page 1>
Package pdftex.def Info: figs/Title_page.pdf , page1 used on input line 127.
(pdftex.def)             Requested size: 597.551pt x 845.07512pt.
File: figs/Title_page.pdf Graphic file (type pdf)
<use figs/Title_page.pdf, page 1>
Package pdftex.def Info: figs/Title_page.pdf , page1 used on input line 127.
(pdftex.def)             Requested size: 597.57834pt x 845.1138pt.
File: figs/Title_page.pdf Graphic file (type pdf)
<use figs/Title_page.pdf, page 1>
Package pdftex.def Info: figs/Title_page.pdf , page1 used on input line 127.
(pdftex.def)             Requested size: 597.57834pt x 845.1138pt.
File: figs/Title_page.pdf Graphic file (type pdf)
<use figs/Title_page.pdf, page 1>
Package pdftex.def Info: figs/Title_page.pdf , page1 used on input line 127.
(pdftex.def)             Requested size: 597.57834pt x 845.1138pt.
File: figs/Title_page.pdf Graphic file (type pdf)
<use figs/Title_page.pdf, page 1>
Package pdftex.def Info: figs/Title_page.pdf , page1 used on input line 127.
(pdftex.def)             Requested size: 597.57834pt x 845.1138pt.
[1

 <./figs/Title_page.pdf>] [2]
LaTeX Font Info:    Font shape `OT1/phv/bx/n' in size <13> not available
(Font)              Font shape `OT1/phv/b/n' tried instead on input line 135.

Underfull \hbox (badness 10000) in paragraph at lines 136--144

 []


Underfull \hbox (badness 10000) in paragraph at lines 136--144

 []

<figs/fsd.png, id=29, 258.9675pt x 93.34875pt>
File: figs/fsd.png Graphic file (type png)
<use figs/fsd.png>
Package pdftex.def Info: figs/fsd.png  used on input line 151.
(pdftex.def)             Requested size: 71.13188pt x 25.64035pt.

Package Fancyhdr Warning: \headheight is too small (12.0pt): 
Make it at least 29.72038pt.
We now make it that large for the rest of the document.
This may cause the page layout to be inconsistent, however.

[3{C:/Users/evgheniivolodscoi/AppData/Local/MiKTeX/2.9/pdftex/config/pdftex.map
} <./figs/fsd.png>] [4]
LaTeX Font Info:    Font shape `OT1/phv/m/it' in size <10.95> not available
(Font)              Font shape `OT1/phv/m/sl' tried instead on input line 155.
File: figs/fsd.png Graphic file (type png)
<use figs/fsd.png>
Package pdftex.def Info: figs/fsd.png  used on input line 173.
(pdftex.def)             Requested size: 71.13188pt x 25.64035pt.
 [5] [6]
LaTeX Font Info:    Font shape `OT1/phv/bx/n' in size <14> not available
(Font)              Font shape `OT1/phv/b/n' tried instead on input line 186.
 (Template.toc
LaTeX Font Info:    Font shape `OT1/phv/bx/n' in size <10.95> not available
(Font)              Font shape `OT1/phv/b/n' tried instead on input line 1.
LaTeX Font Info:    External font `cmex10' loaded for size
(Font)              <10.95> on input line 1.
LaTeX Font Info:    External font `cmex10' loaded for size
(Font)              <8> on input line 1.
LaTeX Font Info:    External font `cmex10' loaded for size
(Font)              <6> on input line 1.
)
\tf@toc=\write3
\openout3 = `Template.toc'.

File: figs/fsd.png Graphic file (type png)
<use figs/fsd.png>
Package pdftex.def Info: figs/fsd.png  used on input line 194.
(pdftex.def)             Requested size: 71.13188pt x 25.64035pt.
 [7

] [8] (Template.lof)
\tf@lof=\write4
\openout4 = `Template.lof'.

File: figs/fsd.png Graphic file (type png)
<use figs/fsd.png>
Package pdftex.def Info: figs/fsd.png  used on input line 213.
(pdftex.def)             Requested size: 71.13188pt x 25.64035pt.
 [9

]
[10] (Template.lot)
\tf@lot=\write5
\openout5 = `Template.lot'.

File: figs/fsd.png Graphic file (type png)
<use figs/fsd.png>
Package pdftex.def Info: figs/fsd.png  used on input line 229.
(pdftex.def)             Requested size: 71.13188pt x 25.64035pt.
 [11

] [12]
File: figs/fsd.png Graphic file (type png)
<use figs/fsd.png>
Package pdftex.def Info: figs/fsd.png  used on input line 246.
(pdftex.def)             Requested size: 71.13188pt x 25.64035pt.
 [13

] [14]
File: figs/fsd.png Graphic file (type png)
<use figs/fsd.png>
Package pdftex.def Info: figs/fsd.png  used on input line 258.
(pdftex.def)             Requested size: 71.13188pt x 25.64035pt.
 [15

] [16]
\c@pagesLTS.roman.1.local.count=\count124
\c@pagesLTS.pnc.arabic=\count125
\c@pagesLTS.double.arabic=\count126
\c@pagesLTS.current.local.arabic=\count127

Chapter 1.


pdfTeX warning: pdflatex (file ./figs/fig_word.pdf): PDF inclusion: found PDF v
ersion <1.6>, but at most version <1.5> allowed
<figs/fig_word.pdf, id=77, 564.67462pt x 285.81079pt>
File: figs/fig_word.pdf Graphic file (type pdf)
<use figs/fig_word.pdf>
Package pdftex.def Info: figs/fig_word.pdf  used on input line 300.
(pdftex.def)             Requested size: 455.24411pt x 230.42827pt.
File: figs/fsd.png Graphic file (type png)
<use figs/fsd.png>
Package pdftex.def Info: figs/fsd.png  used on input line 318.
(pdftex.def)             Requested size: 71.13188pt x 25.64035pt.
[1

 <./figs/fig_word.pdf>]

LaTeX Warning: Citation `Alberi2017' on page 2 undefined on input line 328.



pdfTeX warning: pdflatex (file ./figs/fig_sample_1.pdf): PDF inclusion: found P
DF version <1.6>, but at most version <1.5> allowed
<figs/fig_sample_1.pdf, id=86, 555.74324pt x 248.0999pt>
File: figs/fig_sample_1.pdf Graphic file (type pdf)
<use figs/fig_sample_1.pdf>
Package pdftex.def Info: figs/fig_sample_1.pdf  used on input line 341.
(pdftex.def)             Requested size: 455.24411pt x 203.24258pt.

Underfull \vbox (badness 10000) has occurred while \output is active []

File: figs/fsd.png Graphic file (type png)
<use figs/fsd.png>
Package pdftex.def Info: figs/fsd.png  used on input line 347.
(pdftex.def)             Requested size: 71.13188pt x 25.64035pt.
 [2]
Package acronym Info: Label `acro:ADF' newly defined as it shall be overridden
although it is yet undefined on input line 374.
Package acronym Info: Label `acro:ADI' newly defined as it shall be overridden
although it is yet undefined on input line 374.
File: figs/fsd.png Graphic file (type png)
<use figs/fsd.png>
Package pdftex.def Info: figs/fsd.png  used on input line 376.
(pdftex.def)             Requested size: 71.13188pt x 25.64035pt.

[3 <./figs/fig_sample_1.pdf>]
Chapter 2.
LaTeX Font Info:    Font shape `OT1/phv/bx/n' in size <11> not available
(Font)              Font shape `OT1/phv/b/n' tried instead on input line 388.
File: figs/fig_sample_1.pdf Graphic file (type pdf)
<use figs/fig_sample_1.pdf>
Package pdftex.def Info: figs/fig_sample_1.pdf  used on input line 394.
(pdftex.def)             Requested size: 455.24411pt x 203.24258pt.
File: figs/fsd.png Graphic file (type png)
<use figs/fsd.png>
Package pdftex.def Info: figs/fsd.png  used on input line 402.
(pdftex.def)             Requested size: 71.13188pt x 25.64035pt.
[4

]
File: figs/fsd.png Graphic file (type png)
<use figs/fsd.png>
Package pdftex.def Info: figs/fsd.png  used on input line 451.
(pdftex.def)             Requested size: 71.13188pt x 25.64035pt.
 [5]
File: figs/fsd.png Graphic file (type png)
<use figs/fsd.png>
Package pdftex.def Info: figs/fsd.png  used on input line 468.
(pdftex.def)             Requested size: 71.13188pt x 25.64035pt.
 [6]
File: figs/fsd.png Graphic file (type png)
<use figs/fsd.png>
Package pdftex.def Info: figs/fsd.png  used on input line 470.
(pdftex.def)             Requested size: 71.13188pt x 25.64035pt.
 [7]
Chapter 3.
File: figs/fsd.png Graphic file (type png)
<use figs/fsd.png>
Package pdftex.def Info: figs/fsd.png  used on input line 478.
(pdftex.def)             Requested size: 71.13188pt x 25.64035pt.
[8

]
\c@pagesLTS.arabic.1.local.count=\count128
 
AED: pageslts setting LastPage 
File: figs/fsd.png Graphic file (type png)
<use figs/fsd.png>
Package pdftex.def Info: figs/fsd.png  used on input line 498.
(pdftex.def)             Requested size: 71.13188pt x 25.64035pt.

Package undolabl Warning: Label `pagesLTS.roman' overridden on input line 498.


Package undolabl Warning: Label `pagesLTS.roman.local' overridden on input line
 498.


Underfull \hbox (badness 10000) has occurred while \output is active
[][]
 []

[1

]
Package atveryend Info: Empty hook `BeforeClearDocument' on input line 498.
Package atveryend Info: Executing hook `AfterLastShipout' on input line 498.
\c@pagesLTS.roman.2.local.count=\count129
 
AED: pageslts setting VeryLastPage via AfterLastShipout 

AED: pageslts setting LastPages via AfterLastShipout 


Package pageslts Info: Total number of pages is odd.


(Template.aux)
Package atveryend Info: Empty hook `AtVeryEndDocument' on input line 498.
Package atveryend Info: Executing hook `AtEndAfterFileList' on input line 498.


LaTeX Warning: There were undefined references.


LaTeX Warning: Label(s) may have changed. Rerun to get cross-references right.

Package atveryend Info: Empty hook `AtVeryVeryEnd' on input line 498.
 ) 
Here is how much of TeX's memory you used:
 7138 strings out of 492450
 107488 string characters out of 3129712
 221315 words of memory out of 3000000
 11354 multiletter control sequences out of 15000+200000
 18317 words of font info for 37 fonts, out of 3000000 for 9000
 1141 hyphenation exceptions out of 8191
 46i,18n,46p,968b,437s stack positions out of 5000i,500n,10000p,200000b,50000s
{C:/Program Files/MiKTeX 2.9/fonts/enc/dvips/base/8r.enc}<C:/Program Files/Mi
KTeX 2.9/fonts/type1/public/amsfonts/cm/cmex10.pfb><C:/Program Files/MiKTeX 2.9
/fonts/type1/public/amsfonts/cm/cmmi10.pfb><C:/Program Files/MiKTeX 2.9/fonts/t
ype1/public/amsfonts/cm/cmmi8.pfb><C:/Program Files/MiKTeX 2.9/fonts/type1/publ
ic/amsfonts/cm/cmr10.pfb><C:/Program Files/MiKTeX 2.9/fonts/type1/public/amsfon
ts/cm/cmr8.pfb><C:/Program Files/MiKTeX 2.9/fonts/type1/public/amsfonts/cm/cmsy
10.pfb><C:/Program Files/MiKTeX 2.9/fonts/type1/public/amsfonts/cm/cmsy8.pfb><C
:/Program Files/MiKTeX 2.9/fonts/type1/urw/helvetic/uhvb8a.pfb><C:/Program File
s/MiKTeX 2.9/fonts/type1/urw/helvetic/uhvr8a.pfb><C:/Program Files/MiKTeX 2.9/f
onts/type1/urw/helvetic/uhvro8a.pfb>
Output written on Template.pdf (25 pages, 294339 bytes).
PDF statistics:
 161 PDF objects out of 1000 (max. 8388607)
 0 named destinations out of 1000 (max. 500000)
 36 words of extra memory for PDF output out of 10000 (max. 10000000)

