\BOOKMARK [0][-]{chapter.1}{Introduction}{}% 1
\BOOKMARK [1][-]{section.1.1}{Motivation}{chapter.1}% 2
\BOOKMARK [1][-]{section.1.2}{Contribution of the Thesis}{chapter.1}% 3
\BOOKMARK [1][-]{section.1.3}{Structure of the Thesis}{chapter.1}% 4
\BOOKMARK [0][-]{chapter.2}{Theoretical Background}{}% 5
\BOOKMARK [1][-]{section.2.1}{Dynamic Equations of Motion of an Aircraft}{chapter.2}% 6
\BOOKMARK [1][-]{section.2.2}{Nonlinear Dynamic Inversion}{chapter.2}% 7
\BOOKMARK [1][-]{section.2.3}{Incremental Nonlinear Dynamic Inversion}{chapter.2}% 8
\BOOKMARK [2][-]{subsection.2.3.1}{General INDI}{section.2.3}% 9
\BOOKMARK [2][-]{subsection.2.3.2}{Inner loop INDI for a Quadrotor}{section.2.3}% 10
\BOOKMARK [2][-]{subsection.2.3.3}{Outer loop INDI for a Quadrotor}{section.2.3}% 11
\BOOKMARK [0][-]{chapter.3}{Implementation}{}% 12
\BOOKMARK [1][-]{section.3.1}{Research Quadrotor}{chapter.3}% 13
\BOOKMARK [1][-]{section.3.2}{Simulink Model}{chapter.3}% 14
\BOOKMARK [2][-]{subsection.3.2.1}{Quadrotor Dynamics}{section.3.2}% 15
\BOOKMARK [2][-]{subsection.3.2.2}{Actuator Dynamics}{section.3.2}% 16
\BOOKMARK [2][-]{subsection.3.2.3}{Filtering}{section.3.2}% 17
\BOOKMARK [2][-]{subsection.3.2.4}{Simulation Results}{section.3.2}% 18
\BOOKMARK [1][-]{section.3.3}{Implementation on the Hardware}{chapter.3}% 19
\BOOKMARK [2][-]{subsection.3.3.1}{Parameter Estimation of the Inner Loop}{section.3.3}% 20
\BOOKMARK [2][-]{subsection.3.3.2}{Estimation of the Actuator Dynamics Time Constant}{section.3.3}% 21
\BOOKMARK [2][-]{subsection.3.3.3}{Estimation of the Thrust Mapping}{section.3.3}% 22
\BOOKMARK [2][-]{subsection.3.3.4}{Implementation of the Outer Loop on the Crazyflie's Hardware}{section.3.3}% 23
\BOOKMARK [0][-]{chapter.4}{Results}{}% 24
\BOOKMARK [1][-]{section.4.1}{Disturbance Rejection}{chapter.4}% 25
\BOOKMARK [1][-]{section.4.2}{Position Controller Response}{chapter.4}% 26
\BOOKMARK [0][-]{chapter.5}{Discussion}{}% 27
